{"D:\\VERSTAK\\FavouritePlugin\\src\\app\\data.ts": {"path":"D:\\VERSTAK\\FavouritePlugin\\src\\app\\data.ts","statementMap":{"0":{"start":{"line":3,"column":0},"end":{"line":3,"column":null}},"1":{"start":{"line":7,"column":8},"end":{"line":15,"column":null}},"2":{"start":{"line":8,"column":12},"end":{"line":9,"column":null}},"3":{"start":{"line":12,"column":23},"end":{"line":12,"column":50}},"4":{"start":{"line":13,"column":12},"end":{"line":14,"column":null}},"5":{"start":{"line":17,"column":4},"end":{"line":19,"column":null}},"6":{"start":{"line":18,"column":8},"end":{"line":18,"column":null}},"7":{"start":{"line":20,"column":4},"end":{"line":22,"column":null}},"8":{"start":{"line":21,"column":8},"end":{"line":21,"column":null}},"9":{"start":{"line":23,"column":4},"end":{"line":30,"column":null}},"10":{"start":{"line":24,"column":8},"end":{"line":29,"column":null}},"11":{"start":{"line":25,"column":12},"end":{"line":25,"column":null}},"12":{"start":{"line":28,"column":12},"end":{"line":28,"column":null}},"13":{"start":{"line":31,"column":4},"end":{"line":34,"column":null}},"14":{"start":{"line":32,"column":8},"end":{"line":32,"column":null}},"15":{"start":{"line":33,"column":8},"end":{"line":33,"column":null}},"16":{"start":{"line":35,"column":0},"end":{"line":35,"column":null}}},"fnMap":{"0":{"name":"(anonymous_0)","decl":{"start":{"line":3,"column":0},"end":{"line":3,"column":null}},"loc":{"start":{"line":3,"column":0},"end":{"line":35,"column":null}}},"1":{"name":"Data","decl":{"start":{"line":6,"column":4},"end":{"line":6,"column":16}},"loc":{"start":{"line":6,"column":44},"end":{"line":16,"column":5}}},"2":{"name":"(anonymous_2)","decl":{"start":{"line":17,"column":4},"end":{"line":17,"column":8}},"loc":{"start":{"line":17,"column":4},"end":{"line":19,"column":5}}},"3":{"name":"(anonymous_3)","decl":{"start":{"line":20,"column":4},"end":{"line":20,"column":8}},"loc":{"start":{"line":20,"column":4},"end":{"line":22,"column":5}}},"4":{"name":"(anonymous_4)","decl":{"start":{"line":23,"column":4},"end":{"line":23,"column":17}},"loc":{"start":{"line":23,"column":35},"end":{"line":30,"column":5}}},"5":{"name":"(anonymous_5)","decl":{"start":{"line":31,"column":4},"end":{"line":31,"column":10}},"loc":{"start":{"line":31,"column":39},"end":{"line":34,"column":5}}}},"branchMap":{"0":{"loc":{"start":{"line":7,"column":8},"end":{"line":15,"column":null}},"type":"if","locations":[{"start":{"line":7,"column":8},"end":{"line":15,"column":null}},{"start":{"line":7,"column":8},"end":{"line":15,"column":null}}]},"1":{"loc":{"start":{"line":24,"column":8},"end":{"line":29,"column":null}},"type":"if","locations":[{"start":{"line":24,"column":8},"end":{"line":29,"column":null}},{"start":{"line":24,"column":8},"end":{"line":29,"column":null}}]}},"s":{"0":4,"1":12,"2":6,"3":6,"4":6,"5":4,"6":9,"7":4,"8":10,"9":4,"10":6,"11":5,"12":1,"13":4,"14":13,"15":13,"16":4},"f":{"0":4,"1":12,"2":9,"3":10,"4":6,"5":13},"b":{"0":[6,6],"1":[5,1]}}
,"D:\\VERSTAK\\FavouritePlugin\\src\\app\\dispatcher.ts": {"path":"D:\\VERSTAK\\FavouritePlugin\\src\\app\\dispatcher.ts","statementMap":{"0":{"start":{"line":1,"column":0},"end":{"line":1,"column":null}},"1":{"start":{"line":3,"column":4},"end":{"line":3,"column":null}},"2":{"start":{"line":5,"column":6},"end":{"line":5,"column":28}},"3":{"start":{"line":7,"column":4},"end":{"line":9,"column":null}},"4":{"start":{"line":8,"column":6},"end":{"line":8,"column":37}},"5":{"start":{"line":10,"column":4},"end":{"line":15,"column":null}},"6":{"start":{"line":12,"column":6},"end":{"line":14,"column":null}},"7":{"start":{"line":13,"column":10},"end":{"line":13,"column":53}},"8":{"start":{"line":16,"column":2},"end":{"line":16,"column":null}}},"fnMap":{"0":{"name":"(anonymous_0)","decl":{"start":{"line":1,"column":0},"end":{"line":1,"column":null}},"loc":{"start":{"line":1,"column":0},"end":{"line":16,"column":null}}},"1":{"name":"EventDispatcher","decl":{"start":{"line":4,"column":4},"end":{"line":4,"column":16}},"loc":{"start":{"line":4,"column":27},"end":{"line":6,"column":5}}},"2":{"name":"(anonymous_2)","decl":{"start":{"line":7,"column":4},"end":{"line":7,"column":10}},"loc":{"start":{"line":7,"column":24},"end":{"line":9,"column":5}}},"3":{"name":"(anonymous_3)","decl":{"start":{"line":10,"column":4},"end":{"line":10,"column":10}},"loc":{"start":{"line":10,"column":20},"end":{"line":15,"column":5}}}},"branchMap":{},"s":{"0":3,"1":7,"2":7,"3":3,"4":2,"5":3,"6":11,"7":2,"8":3},"f":{"0":3,"1":7,"2":2,"3":11},"b":{}}
,"D:\\VERSTAK\\FavouritePlugin\\src\\app\\model.ts": {"path":"D:\\VERSTAK\\FavouritePlugin\\src\\app\\model.ts","statementMap":{"0":{"start":{"line":1,"column":0},"end":{"line":1,"column":42}},"1":{"start":{"line":2,"column":0},"end":{"line":2,"column":25}},"2":{"start":{"line":5,"column":0},"end":{"line":5,"column":null}},"3":{"start":{"line":11,"column":6},"end":{"line":11,"column":null}},"4":{"start":{"line":12,"column":6},"end":{"line":12,"column":null}},"5":{"start":{"line":13,"column":6},"end":{"line":13,"column":null}},"6":{"start":{"line":16,"column":4},"end":{"line":18,"column":null}},"7":{"start":{"line":17,"column":6},"end":{"line":17,"column":null}},"8":{"start":{"line":20,"column":4},"end":{"line":22,"column":null}},"9":{"start":{"line":21,"column":6},"end":{"line":21,"column":null}},"10":{"start":{"line":23,"column":4},"end":{"line":30,"column":null}},"11":{"start":{"line":24,"column":16},"end":{"line":24,"column":18}},"12":{"start":{"line":25,"column":6},"end":{"line":28,"column":null}},"13":{"start":{"line":25,"column":17},"end":{"line":25,"column":18}},"14":{"start":{"line":26,"column":19},"end":{"line":26,"column":45}},"15":{"start":{"line":27,"column":8},"end":{"line":27,"column":null}},"16":{"start":{"line":29,"column":6},"end":{"line":29,"column":null}},"17":{"start":{"line":31,"column":4},"end":{"line":34,"column":null}},"18":{"start":{"line":32,"column":17},"end":{"line":32,"column":83}},"19":{"start":{"line":33,"column":6},"end":{"line":33,"column":null}},"20":{"start":{"line":35,"column":4},"end":{"line":45,"column":null}},"21":{"start":{"line":36,"column":20},"end":{"line":36,"column":45}},"22":{"start":{"line":38,"column":6},"end":{"line":43,"column":null}},"23":{"start":{"line":39,"column":8},"end":{"line":39,"column":null}},"24":{"start":{"line":42,"column":8},"end":{"line":42,"column":44}},"25":{"start":{"line":44,"column":6},"end":{"line":44,"column":null}},"26":{"start":{"line":46,"column":4},"end":{"line":60,"column":null}},"27":{"start":{"line":47,"column":6},"end":{"line":57,"column":null}},"28":{"start":{"line":48,"column":19},"end":{"line":48,"column":56}},"29":{"start":{"line":49,"column":18},"end":{"line":49,"column":70}},"30":{"start":{"line":50,"column":8},"end":{"line":50,"column":null}},"31":{"start":{"line":53,"column":19},"end":{"line":53,"column":41}},"32":{"start":{"line":54,"column":18},"end":{"line":54,"column":70}},"33":{"start":{"line":55,"column":23},"end":{"line":55,"column":106}},"34":{"start":{"line":56,"column":8},"end":{"line":56,"column":null}},"35":{"start":{"line":58,"column":6},"end":{"line":58,"column":35}},"36":{"start":{"line":59,"column":6},"end":{"line":59,"column":null}},"37":{"start":{"line":62,"column":4},"end":{"line":64,"column":null}},"38":{"start":{"line":63,"column":6},"end":{"line":63,"column":null}},"39":{"start":{"line":65,"column":2},"end":{"line":65,"column":null}}},"fnMap":{"0":{"name":"(anonymous_1)","decl":{"start":{"line":5,"column":0},"end":{"line":5,"column":null}},"loc":{"start":{"line":5,"column":0},"end":{"line":65,"column":null}}},"1":{"name":"Model","decl":{"start":{"line":10,"column":4},"end":{"line":10,"column":16}},"loc":{"start":{"line":10,"column":33},"end":{"line":14,"column":5}}},"2":{"name":"(anonymous_3)","decl":{"start":{"line":16,"column":4},"end":{"line":16,"column":8}},"loc":{"start":{"line":16,"column":4},"end":{"line":18,"column":5}}},"3":{"name":"(anonymous_4)","decl":{"start":{"line":20,"column":4},"end":{"line":20,"column":8}},"loc":{"start":{"line":20,"column":4},"end":{"line":22,"column":5}}},"4":{"name":"(anonymous_5)","decl":{"start":{"line":23,"column":4},"end":{"line":23,"column":12}},"loc":{"start":{"line":23,"column":25},"end":{"line":30,"column":5}}},"5":{"name":"(anonymous_6)","decl":{"start":{"line":31,"column":4},"end":{"line":31,"column":19}},"loc":{"start":{"line":31,"column":4},"end":{"line":34,"column":5}}},"6":{"name":"(anonymous_7)","decl":{"start":{"line":35,"column":4},"end":{"line":35,"column":23}},"loc":{"start":{"line":35,"column":73},"end":{"line":45,"column":5}}},"7":{"name":"(anonymous_8)","decl":{"start":{"line":46,"column":4},"end":{"line":46,"column":20}},"loc":{"start":{"line":46,"column":72},"end":{"line":60,"column":5}}},"8":{"name":"(anonymous_9)","decl":{"start":{"line":62,"column":4},"end":{"line":62,"column":15}},"loc":{"start":{"line":62,"column":33},"end":{"line":64,"column":5}}}},"branchMap":{"0":{"loc":{"start":{"line":38,"column":6},"end":{"line":43,"column":null}},"type":"if","locations":[{"start":{"line":38,"column":6},"end":{"line":43,"column":null}},{"start":{"line":38,"column":6},"end":{"line":43,"column":null}}]},"1":{"loc":{"start":{"line":47,"column":6},"end":{"line":57,"column":null}},"type":"if","locations":[{"start":{"line":47,"column":6},"end":{"line":57,"column":null}},{"start":{"line":47,"column":6},"end":{"line":57,"column":null}}]}},"s":{"0":2,"1":2,"2":2,"3":3,"4":3,"5":3,"6":2,"7":2,"8":2,"9":1,"10":2,"11":3,"12":3,"13":3,"14":3,"15":3,"16":3,"17":2,"18":4,"19":4,"20":2,"21":8,"22":8,"23":1,"24":7,"25":8,"26":2,"27":5,"28":2,"29":2,"30":2,"31":3,"32":3,"33":3,"34":3,"35":5,"36":5,"37":2,"38":5,"39":2},"f":{"0":2,"1":3,"2":2,"3":1,"4":3,"5":4,"6":8,"7":5,"8":5},"b":{"0":[1,7],"1":[2,3]}}
,"D:\\VERSTAK\\FavouritePlugin\\src\\app\\options.ts": {"path":"D:\\VERSTAK\\FavouritePlugin\\src\\app\\options.ts","statementMap":{"0":{"start":{"line":16,"column":0},"end":{"line":16,"column":13}},"1":{"start":{"line":25,"column":8},"end":{"line":25,"column":null}},"2":{"start":{"line":26,"column":8},"end":{"line":26,"column":null}},"3":{"start":{"line":27,"column":8},"end":{"line":27,"column":null}},"4":{"start":{"line":28,"column":8},"end":{"line":28,"column":null}},"5":{"start":{"line":29,"column":8},"end":{"line":29,"column":null}},"6":{"start":{"line":30,"column":8},"end":{"line":30,"column":null}},"7":{"start":{"line":32,"column":4},"end":{"line":34,"column":null}},"8":{"start":{"line":33,"column":8},"end":{"line":33,"column":null}},"9":{"start":{"line":35,"column":4},"end":{"line":37,"column":null}},"10":{"start":{"line":36,"column":8},"end":{"line":36,"column":null}},"11":{"start":{"line":38,"column":4},"end":{"line":40,"column":null}},"12":{"start":{"line":39,"column":8},"end":{"line":39,"column":null}},"13":{"start":{"line":41,"column":4},"end":{"line":43,"column":null}},"14":{"start":{"line":42,"column":8},"end":{"line":42,"column":null}},"15":{"start":{"line":44,"column":4},"end":{"line":46,"column":null}},"16":{"start":{"line":45,"column":8},"end":{"line":45,"column":null}},"17":{"start":{"line":47,"column":4},"end":{"line":56,"column":null}},"18":{"start":{"line":48,"column":18},"end":{"line":48,"column":47}},"19":{"start":{"line":49,"column":8},"end":{"line":49,"column":null}},"20":{"start":{"line":50,"column":8},"end":{"line":55,"column":null}},"21":{"start":{"line":51,"column":12},"end":{"line":51,"column":null}},"22":{"start":{"line":54,"column":12},"end":{"line":54,"column":null}},"23":{"start":{"line":57,"column":4},"end":{"line":68,"column":null}},"24":{"start":{"line":58,"column":21},"end":{"line":58,"column":23}},"25":{"start":{"line":59,"column":8},"end":{"line":61,"column":null}},"26":{"start":{"line":60,"column":12},"end":{"line":60,"column":null}},"27":{"start":{"line":60,"column":61},"end":{"line":60,"column":84}},"28":{"start":{"line":62,"column":8},"end":{"line":67,"column":null}},"29":{"start":{"line":63,"column":12},"end":{"line":63,"column":null}},"30":{"start":{"line":66,"column":12},"end":{"line":66,"column":null}},"31":{"start":{"line":69,"column":0},"end":{"line":69,"column":null}},"32":{"start":{"line":16,"column":13},"end":{"line":16,"column":20}},"33":{"start":{"line":70,"column":0},"end":{"line":70,"column":null}},"34":{"start":{"line":70,"column":27},"end":{"line":70,"column":34}},"35":{"start":{"line":76,"column":8},"end":{"line":76,"column":null}},"36":{"start":{"line":77,"column":8},"end":{"line":84,"column":null}},"37":{"start":{"line":78,"column":12},"end":{"line":78,"column":null}},"38":{"start":{"line":79,"column":12},"end":{"line":79,"column":null}},"39":{"start":{"line":82,"column":12},"end":{"line":82,"column":null}},"40":{"start":{"line":83,"column":12},"end":{"line":83,"column":null}},"41":{"start":{"line":85,"column":8},"end":{"line":85,"column":null}},"42":{"start":{"line":86,"column":8},"end":{"line":86,"column":null}},"43":{"start":{"line":88,"column":4},"end":{"line":90,"column":null}},"44":{"start":{"line":89,"column":8},"end":{"line":89,"column":null}},"45":{"start":{"line":91,"column":4},"end":{"line":93,"column":null}},"46":{"start":{"line":92,"column":8},"end":{"line":92,"column":null}},"47":{"start":{"line":94,"column":4},"end":{"line":96,"column":null}},"48":{"start":{"line":95,"column":8},"end":{"line":95,"column":null}},"49":{"start":{"line":97,"column":4},"end":{"line":99,"column":null}},"50":{"start":{"line":98,"column":8},"end":{"line":98,"column":null}},"51":{"start":{"line":100,"column":4},"end":{"line":110,"column":null}},"52":{"start":{"line":101,"column":8},"end":{"line":103,"column":null}},"53":{"start":{"line":102,"column":12},"end":{"line":102,"column":null}},"54":{"start":{"line":104,"column":8},"end":{"line":109,"column":null}},"55":{"start":{"line":105,"column":12},"end":{"line":105,"column":null}},"56":{"start":{"line":108,"column":12},"end":{"line":108,"column":null}},"57":{"start":{"line":111,"column":4},"end":{"line":116,"column":null}},"58":{"start":{"line":112,"column":8},"end":{"line":114,"column":null}},"59":{"start":{"line":113,"column":12},"end":{"line":113,"column":null}},"60":{"start":{"line":115,"column":8},"end":{"line":115,"column":null}},"61":{"start":{"line":117,"column":0},"end":{"line":117,"column":null}},"62":{"start":{"line":118,"column":0},"end":{"line":118,"column":null}},"63":{"start":{"line":118,"column":26},"end":{"line":118,"column":33}},"64":{"start":{"line":121,"column":8},"end":{"line":121,"column":null}},"65":{"start":{"line":122,"column":8},"end":{"line":122,"column":null}},"66":{"start":{"line":124,"column":4},"end":{"line":126,"column":null}},"67":{"start":{"line":125,"column":8},"end":{"line":125,"column":null}},"68":{"start":{"line":127,"column":0},"end":{"line":127,"column":null}}},"fnMap":{"0":{"name":"(anonymous_6)","decl":{"start":{"line":16,"column":0},"end":{"line":16,"column":13}},"loc":{"start":{"line":16,"column":0},"end":{"line":69,"column":null}}},"1":{"name":"Options","decl":{"start":{"line":24,"column":4},"end":{"line":24,"column":16}},"loc":{"start":{"line":24,"column":37},"end":{"line":31,"column":5}}},"2":{"name":"(anonymous_8)","decl":{"start":{"line":32,"column":4},"end":{"line":32,"column":8}},"loc":{"start":{"line":32,"column":4},"end":{"line":34,"column":5}}},"3":{"name":"(anonymous_9)","decl":{"start":{"line":35,"column":4},"end":{"line":35,"column":8}},"loc":{"start":{"line":35,"column":4},"end":{"line":37,"column":5}}},"4":{"name":"(anonymous_10)","decl":{"start":{"line":38,"column":4},"end":{"line":38,"column":8}},"loc":{"start":{"line":38,"column":4},"end":{"line":40,"column":5}}},"5":{"name":"(anonymous_11)","decl":{"start":{"line":41,"column":4},"end":{"line":41,"column":8}},"loc":{"start":{"line":41,"column":4},"end":{"line":43,"column":5}}},"6":{"name":"(anonymous_12)","decl":{"start":{"line":44,"column":4},"end":{"line":44,"column":8}},"loc":{"start":{"line":44,"column":4},"end":{"line":46,"column":5}}},"7":{"name":"(anonymous_13)","decl":{"start":{"line":47,"column":4},"end":{"line":47,"column":19}},"loc":{"start":{"line":47,"column":33},"end":{"line":56,"column":5}}},"8":{"name":"(anonymous_14)","decl":{"start":{"line":57,"column":4},"end":{"line":57,"column":10}},"loc":{"start":{"line":57,"column":4},"end":{"line":68,"column":5}}},"9":{"name":"(anonymous_15)","decl":{"start":{"line":60,"column":49},"end":{"line":60,"column":50}},"loc":{"start":{"line":60,"column":56},"end":{"line":60,"column":68}}},"10":{"name":"(anonymous_16)","decl":{"start":{"line":70,"column":0},"end":{"line":70,"column":27}},"loc":{"start":{"line":70,"column":0},"end":{"line":117,"column":null}}},"11":{"name":"NumberSlider","decl":{"start":{"line":75,"column":4},"end":{"line":75,"column":16}},"loc":{"start":{"line":75,"column":37},"end":{"line":87,"column":5}}},"12":{"name":"(anonymous_18)","decl":{"start":{"line":88,"column":4},"end":{"line":88,"column":8}},"loc":{"start":{"line":88,"column":4},"end":{"line":90,"column":5}}},"13":{"name":"(anonymous_19)","decl":{"start":{"line":91,"column":4},"end":{"line":91,"column":8}},"loc":{"start":{"line":91,"column":4},"end":{"line":93,"column":5}}},"14":{"name":"(anonymous_20)","decl":{"start":{"line":94,"column":4},"end":{"line":94,"column":8}},"loc":{"start":{"line":94,"column":4},"end":{"line":96,"column":5}}},"15":{"name":"(anonymous_21)","decl":{"start":{"line":97,"column":4},"end":{"line":97,"column":8}},"loc":{"start":{"line":97,"column":4},"end":{"line":99,"column":5}}},"16":{"name":"(anonymous_22)","decl":{"start":{"line":100,"column":4},"end":{"line":100,"column":13}},"loc":{"start":{"line":100,"column":35},"end":{"line":110,"column":5}}},"17":{"name":"(anonymous_23)","decl":{"start":{"line":111,"column":4},"end":{"line":111,"column":18}},"loc":{"start":{"line":111,"column":40},"end":{"line":116,"column":5}}},"18":{"name":"(anonymous_24)","decl":{"start":{"line":118,"column":0},"end":{"line":118,"column":26}},"loc":{"start":{"line":118,"column":0},"end":{"line":127,"column":null}}},"19":{"name":"ValueSlider","decl":{"start":{"line":120,"column":4},"end":{"line":120,"column":16}},"loc":{"start":{"line":120,"column":60},"end":{"line":123,"column":5}}},"20":{"name":"(anonymous_26)","decl":{"start":{"line":124,"column":4},"end":{"line":124,"column":8}},"loc":{"start":{"line":124,"column":4},"end":{"line":126,"column":5}}}},"branchMap":{"0":{"loc":{"start":{"line":26,"column":49},"end":{"line":26,"column":50}},"type":"cond-expr","locations":[{"start":{"line":26,"column":49},"end":{"line":26,"column":50}},{"start":{"line":26,"column":53},"end":{"line":26,"column":54}}]},"1":{"loc":{"start":{"line":27,"column":61},"end":{"line":27,"column":71}},"type":"cond-expr","locations":[{"start":{"line":27,"column":61},"end":{"line":27,"column":71}},{"start":{"line":27,"column":74},"end":{"line":27,"column":78}}]},"2":{"loc":{"start":{"line":28,"column":60},"end":{"line":28,"column":74}},"type":"cond-expr","locations":[{"start":{"line":28,"column":60},"end":{"line":28,"column":74}},{"start":{"line":28,"column":77},"end":{"line":28,"column":81}}]},"3":{"loc":{"start":{"line":29,"column":58},"end":{"line":29,"column":93}},"type":"cond-expr","locations":[{"start":{"line":29,"column":58},"end":{"line":29,"column":93}},{"start":{"line":29,"column":96},"end":{"line":29,"column":100}}]},"4":{"loc":{"start":{"line":30,"column":52},"end":{"line":30,"column":57}},"type":"cond-expr","locations":[{"start":{"line":30,"column":52},"end":{"line":30,"column":57}},{"start":{"line":30,"column":60},"end":{"line":30,"column":64}}]},"5":{"loc":{"start":{"line":50,"column":8},"end":{"line":55,"column":null}},"type":"if","locations":[{"start":{"line":50,"column":8},"end":{"line":55,"column":null}},{"start":{"line":50,"column":8},"end":{"line":55,"column":null}}]},"6":{"loc":{"start":{"line":59,"column":8},"end":{"line":61,"column":null}},"type":"if","locations":[{"start":{"line":59,"column":8},"end":{"line":61,"column":null}},{"start":{"line":59,"column":8},"end":{"line":61,"column":null}}]},"7":{"loc":{"start":{"line":59,"column":12},"end":{"line":59,"column":32}},"type":"binary-expr","locations":[{"start":{"line":59,"column":12},"end":{"line":59,"column":32}},{"start":{"line":59,"column":36},"end":{"line":59,"column":71}}]},"8":{"loc":{"start":{"line":62,"column":8},"end":{"line":67,"column":null}},"type":"if","locations":[{"start":{"line":62,"column":8},"end":{"line":67,"column":null}},{"start":{"line":62,"column":8},"end":{"line":67,"column":null}}]},"9":{"loc":{"start":{"line":76,"column":8},"end":{"line":76,"column":22}},"type":"binary-expr","locations":[{"start":{"line":76,"column":8},"end":{"line":76,"column":22}},{"start":{"line":76,"column":22},"end":{"line":76,"column":null}}]},"10":{"loc":{"start":{"line":77,"column":8},"end":{"line":84,"column":null}},"type":"if","locations":[{"start":{"line":77,"column":8},"end":{"line":84,"column":null}},{"start":{"line":77,"column":8},"end":{"line":84,"column":null}}]},"11":{"loc":{"start":{"line":77,"column":12},"end":{"line":77,"column":45}},"type":"binary-expr","locations":[{"start":{"line":77,"column":12},"end":{"line":77,"column":45}},{"start":{"line":77,"column":49},"end":{"line":77,"column":80}},{"start":{"line":77,"column":84},"end":{"line":77,"column":112}}]},"12":{"loc":{"start":{"line":101,"column":8},"end":{"line":103,"column":null}},"type":"if","locations":[{"start":{"line":101,"column":8},"end":{"line":103,"column":null}},{"start":{"line":101,"column":8},"end":{"line":103,"column":null}}]},"13":{"loc":{"start":{"line":101,"column":12},"end":{"line":101,"column":44}},"type":"binary-expr","locations":[{"start":{"line":101,"column":12},"end":{"line":101,"column":44}},{"start":{"line":101,"column":47},"end":{"line":101,"column":63}}]},"14":{"loc":{"start":{"line":104,"column":8},"end":{"line":109,"column":null}},"type":"if","locations":[{"start":{"line":104,"column":8},"end":{"line":109,"column":null}},{"start":{"line":104,"column":8},"end":{"line":109,"column":null}}]},"15":{"loc":{"start":{"line":112,"column":8},"end":{"line":114,"column":null}},"type":"if","locations":[{"start":{"line":112,"column":8},"end":{"line":114,"column":null}},{"start":{"line":112,"column":8},"end":{"line":114,"column":null}}]},"16":{"loc":{"start":{"line":112,"column":12},"end":{"line":112,"column":49}},"type":"binary-expr","locations":[{"start":{"line":112,"column":12},"end":{"line":112,"column":49}},{"start":{"line":112,"column":53},"end":{"line":112,"column":74}},{"start":{"line":112,"column":78},"end":{"line":112,"column":121}}]},"17":{"loc":{"start":{"line":121,"column":8},"end":{"line":121,"column":22}},"type":"binary-expr","locations":[{"start":{"line":121,"column":8},"end":{"line":121,"column":22}},{"start":{"line":121,"column":22},"end":{"line":121,"column":null}}]}},"s":{"0":1,"1":10,"2":10,"3":10,"4":10,"5":10,"6":10,"7":1,"8":5,"9":1,"10":5,"11":1,"12":5,"13":1,"14":5,"15":1,"16":5,"17":1,"18":4,"19":4,"20":4,"21":2,"22":2,"23":1,"24":5,"25":5,"26":2,"27":8,"28":5,"29":2,"30":3,"31":1,"32":1,"33":1,"34":1,"35":3,"36":3,"37":2,"38":2,"39":1,"40":1,"41":3,"42":3,"43":1,"44":6,"45":1,"46":6,"47":1,"48":3,"49":1,"50":3,"51":1,"52":3,"53":1,"54":2,"55":1,"56":1,"57":1,"58":3,"59":1,"60":2,"61":1,"62":1,"63":1,"64":2,"65":2,"66":1,"67":2,"68":1},"f":{"0":1,"1":10,"2":5,"3":5,"4":5,"5":5,"6":5,"7":4,"8":5,"9":8,"10":1,"11":3,"12":6,"13":6,"14":3,"15":3,"16":3,"17":3,"18":1,"19":2,"20":2},"b":{"0":[4,6],"1":[4,6],"2":[2,8],"3":[4,6],"4":[2,8],"5":[2,2],"6":[2,3],"7":[5,2],"8":[2,3],"9":[3,3],"10":[2,1],"11":[3,3,3],"12":[1,2],"13":[3,2],"14":[1,1],"15":[1,2],"16":[3,3,3],"17":[2,2]}}
,"D:\\VERSTAK\\FavouritePlugin\\src\\app\\presenter.ts": {"path":"D:\\VERSTAK\\FavouritePlugin\\src\\app\\presenter.ts","statementMap":{"0":{"start":{"line":5,"column":0},"end":{"line":5,"column":null}},"1":{"start":{"line":9,"column":6},"end":{"line":9,"column":null}},"2":{"start":{"line":10,"column":6},"end":{"line":10,"column":null}},"3":{"start":{"line":11,"column":23},"end":{"line":11,"column":27}},"4":{"start":{"line":12,"column":6},"end":{"line":14,"column":null}},"5":{"start":{"line":13,"column":8},"end":{"line":13,"column":null}},"6":{"start":{"line":15,"column":6},"end":{"line":17,"column":null}},"7":{"start":{"line":16,"column":8},"end":{"line":16,"column":null}},"8":{"start":{"line":19,"column":4},"end":{"line":21,"column":null}},"9":{"start":{"line":20,"column":6},"end":{"line":20,"column":null}},"10":{"start":{"line":22,"column":2},"end":{"line":22,"column":null}}},"fnMap":{"0":{"name":"(anonymous_0)","decl":{"start":{"line":5,"column":0},"end":{"line":5,"column":null}},"loc":{"start":{"line":5,"column":0},"end":{"line":22,"column":null}}},"1":{"name":"Presenter","decl":{"start":{"line":8,"column":4},"end":{"line":8,"column":16}},"loc":{"start":{"line":8,"column":40},"end":{"line":18,"column":5}}},"2":{"name":"(anonymous_2)","decl":{"start":{"line":12,"column":37},"end":{"line":12,"column":47}},"loc":{"start":{"line":12,"column":77},"end":{"line":14,"column":7}}},"3":{"name":"(anonymous_3)","decl":{"start":{"line":15,"column":38},"end":{"line":15,"column":47}},"loc":{"start":{"line":15,"column":79},"end":{"line":17,"column":7}}},"4":{"name":"(anonymous_4)","decl":{"start":{"line":19,"column":4},"end":{"line":19,"column":13}},"loc":{"start":{"line":19,"column":65},"end":{"line":21,"column":5}}}},"branchMap":{},"s":{"0":1,"1":1,"2":1,"3":1,"4":1,"5":1,"6":1,"7":1,"8":1,"9":1,"10":1},"f":{"0":1,"1":1,"2":1,"3":1,"4":1},"b":{}}
,"D:\\VERSTAK\\FavouritePlugin\\src\\app\\view.ts": {"path":"D:\\VERSTAK\\FavouritePlugin\\src\\app\\view.ts","statementMap":{"0":{"start":{"line":1,"column":0},"end":{"line":1,"column":36}},"1":{"start":{"line":3,"column":0},"end":{"line":3,"column":42}},"2":{"start":{"line":5,"column":0},"end":{"line":5,"column":null}},"3":{"start":{"line":43,"column":4},"end":{"line":43,"column":null}},"4":{"start":{"line":44,"column":4},"end":{"line":44,"column":null}},"5":{"start":{"line":12,"column":6},"end":{"line":12,"column":null}},"6":{"start":{"line":13,"column":6},"end":{"line":13,"column":null}},"7":{"start":{"line":14,"column":6},"end":{"line":14,"column":null}},"8":{"start":{"line":15,"column":20},"end":{"line":15,"column":24}},"9":{"start":{"line":17,"column":6},"end":{"line":17,"column":null}},"10":{"start":{"line":19,"column":6},"end":{"line":19,"column":null}},"11":{"start":{"line":21,"column":6},"end":{"line":21,"column":null}},"12":{"start":{"line":23,"column":6},"end":{"line":25,"column":null}},"13":{"start":{"line":24,"column":8},"end":{"line":24,"column":null}},"14":{"start":{"line":27,"column":4},"end":{"line":29,"column":null}},"15":{"start":{"line":28,"column":6},"end":{"line":28,"column":null}},"16":{"start":{"line":30,"column":4},"end":{"line":32,"column":null}},"17":{"start":{"line":31,"column":6},"end":{"line":31,"column":null}},"18":{"start":{"line":33,"column":4},"end":{"line":36,"column":null}},"19":{"start":{"line":34,"column":6},"end":{"line":34,"column":null}},"20":{"start":{"line":35,"column":6},"end":{"line":35,"column":null}},"21":{"start":{"line":37,"column":4},"end":{"line":42,"column":null}},"22":{"start":{"line":38,"column":6},"end":{"line":41,"column":null}},"23":{"start":{"line":39,"column":8},"end":{"line":39,"column":null}},"24":{"start":{"line":40,"column":8},"end":{"line":40,"column":null}},"25":{"start":{"line":45,"column":4},"end":{"line":48,"column":null}},"26":{"start":{"line":46,"column":6},"end":{"line":46,"column":null}},"27":{"start":{"line":47,"column":6},"end":{"line":47,"column":null}},"28":{"start":{"line":49,"column":4},"end":{"line":52,"column":null}},"29":{"start":{"line":50,"column":6},"end":{"line":50,"column":null}},"30":{"start":{"line":51,"column":6},"end":{"line":51,"column":null}},"31":{"start":{"line":53,"column":4},"end":{"line":75,"column":null}},"32":{"start":{"line":56,"column":6},"end":{"line":56,"column":null}},"33":{"start":{"line":57,"column":6},"end":{"line":64,"column":null}},"34":{"start":{"line":58,"column":8},"end":{"line":58,"column":null}},"35":{"start":{"line":59,"column":8},"end":{"line":59,"column":null}},"36":{"start":{"line":62,"column":8},"end":{"line":62,"column":null}},"37":{"start":{"line":63,"column":8},"end":{"line":63,"column":null}},"38":{"start":{"line":65,"column":6},"end":{"line":67,"column":null}},"39":{"start":{"line":66,"column":8},"end":{"line":66,"column":null}},"40":{"start":{"line":68,"column":6},"end":{"line":70,"column":null}},"41":{"start":{"line":69,"column":8},"end":{"line":69,"column":null}},"42":{"start":{"line":72,"column":18},"end":{"line":72,"column":81}},"43":{"start":{"line":74,"column":6},"end":{"line":74,"column":44}},"44":{"start":{"line":76,"column":4},"end":{"line":83,"column":null}},"45":{"start":{"line":77,"column":6},"end":{"line":82,"column":null}},"46":{"start":{"line":78,"column":8},"end":{"line":78,"column":null}},"47":{"start":{"line":81,"column":8},"end":{"line":81,"column":null}},"48":{"start":{"line":84,"column":4},"end":{"line":106,"column":null}},"49":{"start":{"line":85,"column":18},"end":{"line":85,"column":19}},"50":{"start":{"line":86,"column":6},"end":{"line":104,"column":null}},"51":{"start":{"line":87,"column":18},"end":{"line":87,"column":127}},"52":{"start":{"line":88,"column":18},"end":{"line":88,"column":127}},"53":{"start":{"line":89,"column":18},"end":{"line":89,"column":33}},"54":{"start":{"line":90,"column":8},"end":{"line":92,"column":null}},"55":{"start":{"line":91,"column":10},"end":{"line":91,"column":null}},"56":{"start":{"line":93,"column":8},"end":{"line":96,"column":null}},"57":{"start":{"line":94,"column":10},"end":{"line":94,"column":null}},"58":{"start":{"line":95,"column":10},"end":{"line":95,"column":null}},"59":{"start":{"line":97,"column":8},"end":{"line":100,"column":null}},"60":{"start":{"line":98,"column":10},"end":{"line":98,"column":null}},"61":{"start":{"line":99,"column":10},"end":{"line":99,"column":null}},"62":{"start":{"line":101,"column":8},"end":{"line":103,"column":null}},"63":{"start":{"line":102,"column":10},"end":{"line":102,"column":null}},"64":{"start":{"line":105,"column":6},"end":{"line":105,"column":null}},"65":{"start":{"line":107,"column":4},"end":{"line":109,"column":null}},"66":{"start":{"line":108,"column":6},"end":{"line":108,"column":92}},"67":{"start":{"line":110,"column":0},"end":{"line":110,"column":null}}},"fnMap":{"0":{"name":"(anonymous_1)","decl":{"start":{"line":5,"column":0},"end":{"line":5,"column":null}},"loc":{"start":{"line":5,"column":0},"end":{"line":110,"column":null}}},"1":{"name":"View","decl":{"start":{"line":11,"column":4},"end":{"line":11,"column":16}},"loc":{"start":{"line":11,"column":33},"end":{"line":26,"column":5}}},"2":{"name":"(anonymous_3)","decl":{"start":{"line":23,"column":55},"end":{"line":23,"column":null}},"loc":{"start":{"line":23,"column":55},"end":{"line":25,"column":7}}},"3":{"name":"(anonymous_4)","decl":{"start":{"line":27,"column":4},"end":{"line":27,"column":8}},"loc":{"start":{"line":27,"column":4},"end":{"line":29,"column":5}}},"4":{"name":"(anonymous_5)","decl":{"start":{"line":30,"column":4},"end":{"line":30,"column":8}},"loc":{"start":{"line":30,"column":4},"end":{"line":32,"column":5}}},"5":{"name":"(anonymous_6)","decl":{"start":{"line":33,"column":4},"end":{"line":33,"column":16}},"loc":{"start":{"line":33,"column":34},"end":{"line":36,"column":5}}},"6":{"name":"(anonymous_7)","decl":{"start":{"line":37,"column":4},"end":{"line":37,"column":15}},"loc":{"start":{"line":37,"column":33},"end":{"line":42,"column":5}}},"7":{"name":"(anonymous_8)","decl":{"start":{"line":45,"column":4},"end":{"line":45,"column":15}},"loc":{"start":{"line":45,"column":4},"end":{"line":48,"column":5}}},"8":{"name":"(anonymous_9)","decl":{"start":{"line":49,"column":4},"end":{"line":49,"column":13}},"loc":{"start":{"line":49,"column":4},"end":{"line":52,"column":5}}},"9":{"name":"(anonymous_10)","decl":{"start":{"line":53,"column":4},"end":{"line":53,"column":12}},"loc":{"start":{"line":53,"column":30},"end":{"line":75,"column":5}}},"10":{"name":"(anonymous_11)","decl":{"start":{"line":76,"column":4},"end":{"line":76,"column":22}},"loc":{"start":{"line":76,"column":40},"end":{"line":83,"column":5}}},"11":{"name":"(anonymous_12)","decl":{"start":{"line":84,"column":4},"end":{"line":84,"column":17}},"loc":{"start":{"line":84,"column":96},"end":{"line":106,"column":5}}},"12":{"name":"(anonymous_13)","decl":{"start":{"line":107,"column":4},"end":{"line":107,"column":15}},"loc":{"start":{"line":107,"column":67},"end":{"line":109,"column":5}}}},"branchMap":{"0":{"loc":{"start":{"line":38,"column":6},"end":{"line":41,"column":null}},"type":"if","locations":[{"start":{"line":38,"column":6},"end":{"line":41,"column":null}},{"start":{"line":38,"column":6},"end":{"line":41,"column":null}}]},"1":{"loc":{"start":{"line":57,"column":6},"end":{"line":64,"column":null}},"type":"if","locations":[{"start":{"line":57,"column":6},"end":{"line":64,"column":null}},{"start":{"line":57,"column":6},"end":{"line":64,"column":null}}]},"2":{"loc":{"start":{"line":65,"column":6},"end":{"line":67,"column":null}},"type":"if","locations":[{"start":{"line":65,"column":6},"end":{"line":67,"column":null}},{"start":{"line":65,"column":6},"end":{"line":67,"column":null}}]},"3":{"loc":{"start":{"line":68,"column":6},"end":{"line":70,"column":null}},"type":"if","locations":[{"start":{"line":68,"column":6},"end":{"line":70,"column":null}},{"start":{"line":68,"column":6},"end":{"line":70,"column":null}}]},"4":{"loc":{"start":{"line":77,"column":6},"end":{"line":82,"column":null}},"type":"if","locations":[{"start":{"line":77,"column":6},"end":{"line":82,"column":null}},{"start":{"line":77,"column":6},"end":{"line":82,"column":null}}]},"5":{"loc":{"start":{"line":86,"column":6},"end":{"line":104,"column":null}},"type":"if","locations":[{"start":{"line":86,"column":6},"end":{"line":104,"column":null}},{"start":{"line":86,"column":6},"end":{"line":104,"column":null}}]},"6":{"loc":{"start":{"line":87,"column":59},"end":{"line":87,"column":91}},"type":"cond-expr","locations":[{"start":{"line":87,"column":59},"end":{"line":87,"column":91}},{"start":{"line":87,"column":94},"end":{"line":87,"column":127}}]},"7":{"loc":{"start":{"line":88,"column":59},"end":{"line":88,"column":91}},"type":"cond-expr","locations":[{"start":{"line":88,"column":59},"end":{"line":88,"column":91}},{"start":{"line":88,"column":94},"end":{"line":88,"column":127}}]},"8":{"loc":{"start":{"line":90,"column":8},"end":{"line":92,"column":null}},"type":"if","locations":[{"start":{"line":90,"column":8},"end":{"line":92,"column":null}},{"start":{"line":90,"column":8},"end":{"line":92,"column":null}}]},"9":{"loc":{"start":{"line":93,"column":8},"end":{"line":96,"column":null}},"type":"if","locations":[{"start":{"line":93,"column":8},"end":{"line":96,"column":null}},{"start":{"line":93,"column":8},"end":{"line":96,"column":null}}]},"10":{"loc":{"start":{"line":97,"column":8},"end":{"line":100,"column":null}},"type":"if","locations":[{"start":{"line":97,"column":8},"end":{"line":100,"column":null}},{"start":{"line":97,"column":8},"end":{"line":100,"column":null}}]},"11":{"loc":{"start":{"line":101,"column":8},"end":{"line":103,"column":null}},"type":"if","locations":[{"start":{"line":101,"column":8},"end":{"line":103,"column":null}},{"start":{"line":101,"column":8},"end":{"line":103,"column":null}}]},"12":{"loc":{"start":{"line":101,"column":13},"end":{"line":101,"column":38}},"type":"binary-expr","locations":[{"start":{"line":101,"column":13},"end":{"line":101,"column":38}},{"start":{"line":101,"column":42},"end":{"line":101,"column":64}}]}},"s":{"0":2,"1":2,"2":2,"3":4,"4":4,"5":4,"6":4,"7":4,"8":4,"9":4,"10":4,"11":4,"12":4,"13":0,"14":2,"15":6,"16":2,"17":27,"18":2,"19":3,"20":3,"21":2,"22":1,"23":1,"24":1,"25":2,"26":2,"27":2,"28":2,"29":2,"30":2,"31":2,"32":10,"33":10,"34":3,"35":3,"36":7,"37":7,"38":10,"39":1,"40":10,"41":2,"42":10,"43":10,"44":2,"45":12,"46":7,"47":5,"48":2,"49":13,"50":13,"51":8,"52":8,"53":8,"54":8,"55":1,"56":8,"57":2,"58":2,"59":8,"60":4,"61":4,"62":8,"63":3,"64":13,"65":2,"66":6,"67":2},"f":{"0":2,"1":4,"2":0,"3":6,"4":27,"5":3,"6":1,"7":2,"8":2,"9":10,"10":12,"11":13,"12":6},"b":{"0":[1,0],"1":[3,7],"2":[1,9],"3":[2,8],"4":[7,5],"5":[8,5],"6":[4,4],"7":[4,4],"8":[1,7],"9":[2,6],"10":[4,4],"11":[3,5],"12":[8,4]}}
,"D:\\VERSTAK\\FavouritePlugin\\src\\app\\slider\\slider.ts": {"path":"D:\\VERSTAK\\FavouritePlugin\\src\\app\\slider\\slider.ts","statementMap":{"0":{"start":{"line":1,"column":0},"end":{"line":1,"column":35}},"1":{"start":{"line":2,"column":0},"end":{"line":2,"column":41}},"2":{"start":{"line":3,"column":0},"end":{"line":3,"column":35}},"3":{"start":{"line":7,"column":0},"end":{"line":7,"column":null}},"4":{"start":{"line":20,"column":6},"end":{"line":20,"column":90}},"5":{"start":{"line":21,"column":6},"end":{"line":21,"column":59}},"6":{"start":{"line":22,"column":6},"end":{"line":22,"column":45}},"7":{"start":{"line":23,"column":6},"end":{"line":23,"column":63}},"8":{"start":{"line":24,"column":6},"end":{"line":24,"column":58}},"9":{"start":{"line":25,"column":6},"end":{"line":25,"column":75}},"10":{"start":{"line":26,"column":6},"end":{"line":26,"column":50}},"11":{"start":{"line":27,"column":6},"end":{"line":27,"column":59}},"12":{"start":{"line":28,"column":6},"end":{"line":28,"column":74}},"13":{"start":{"line":29,"column":6},"end":{"line":29,"column":null}},"14":{"start":{"line":31,"column":4},"end":{"line":33,"column":null}},"15":{"start":{"line":32,"column":6},"end":{"line":32,"column":null}},"16":{"start":{"line":34,"column":4},"end":{"line":36,"column":null}},"17":{"start":{"line":35,"column":6},"end":{"line":35,"column":null}},"18":{"start":{"line":37,"column":4},"end":{"line":39,"column":null}},"19":{"start":{"line":38,"column":6},"end":{"line":38,"column":null}},"20":{"start":{"line":40,"column":4},"end":{"line":42,"column":null}},"21":{"start":{"line":41,"column":6},"end":{"line":41,"column":null}},"22":{"start":{"line":43,"column":4},"end":{"line":45,"column":null}},"23":{"start":{"line":44,"column":6},"end":{"line":44,"column":null}},"24":{"start":{"line":46,"column":4},"end":{"line":48,"column":null}},"25":{"start":{"line":47,"column":6},"end":{"line":47,"column":null}},"26":{"start":{"line":49,"column":4},"end":{"line":51,"column":null}},"27":{"start":{"line":50,"column":6},"end":{"line":50,"column":null}},"28":{"start":{"line":52,"column":4},"end":{"line":56,"column":null}},"29":{"start":{"line":53,"column":15},"end":{"line":53,"column":46}},"30":{"start":{"line":54,"column":6},"end":{"line":54,"column":21}},"31":{"start":{"line":55,"column":6},"end":{"line":55,"column":16}},"32":{"start":{"line":57,"column":4},"end":{"line":61,"column":null}},"33":{"start":{"line":58,"column":15},"end":{"line":58,"column":42}},"34":{"start":{"line":59,"column":6},"end":{"line":59,"column":31}},"35":{"start":{"line":60,"column":6},"end":{"line":60,"column":16}},"36":{"start":{"line":62,"column":4},"end":{"line":69,"column":null}},"37":{"start":{"line":63,"column":6},"end":{"line":63,"column":85}},"38":{"start":{"line":64,"column":6},"end":{"line":64,"column":55}},"39":{"start":{"line":65,"column":6},"end":{"line":65,"column":42}},"40":{"start":{"line":66,"column":6},"end":{"line":66,"column":45}},"41":{"start":{"line":67,"column":6},"end":{"line":67,"column":80}},"42":{"start":{"line":68,"column":6},"end":{"line":68,"column":18}},"43":{"start":{"line":70,"column":4},"end":{"line":76,"column":null}},"44":{"start":{"line":71,"column":6},"end":{"line":71,"column":null}},"45":{"start":{"line":72,"column":6},"end":{"line":74,"column":null}},"46":{"start":{"line":72,"column":17},"end":{"line":72,"column":18}},"47":{"start":{"line":73,"column":8},"end":{"line":73,"column":null}},"48":{"start":{"line":75,"column":6},"end":{"line":75,"column":null}},"49":{"start":{"line":77,"column":4},"end":{"line":83,"column":null}},"50":{"start":{"line":78,"column":6},"end":{"line":78,"column":null}},"51":{"start":{"line":79,"column":6},"end":{"line":81,"column":null}},"52":{"start":{"line":79,"column":17},"end":{"line":79,"column":18}},"53":{"start":{"line":80,"column":8},"end":{"line":80,"column":null}},"54":{"start":{"line":82,"column":6},"end":{"line":82,"column":null}},"55":{"start":{"line":84,"column":4},"end":{"line":91,"column":null}},"56":{"start":{"line":85,"column":6},"end":{"line":90,"column":null}},"57":{"start":{"line":86,"column":8},"end":{"line":86,"column":null}},"58":{"start":{"line":89,"column":8},"end":{"line":89,"column":null}},"59":{"start":{"line":93,"column":4},"end":{"line":103,"column":null}},"60":{"start":{"line":94,"column":16},"end":{"line":94,"column":18}},"61":{"start":{"line":95,"column":19},"end":{"line":95,"column":75}},"62":{"start":{"line":96,"column":6},"end":{"line":100,"column":null}},"63":{"start":{"line":96,"column":17},"end":{"line":96,"column":18}},"64":{"start":{"line":97,"column":10},"end":{"line":97,"column":null}},"65":{"start":{"line":98,"column":8},"end":{"line":98,"column":32}},"66":{"start":{"line":99,"column":8},"end":{"line":99,"column":36}},"67":{"start":{"line":101,"column":6},"end":{"line":101,"column":25}},"68":{"start":{"line":102,"column":6},"end":{"line":102,"column":null}},"69":{"start":{"line":104,"column":4},"end":{"line":113,"column":null}},"70":{"start":{"line":105,"column":6},"end":{"line":112,"column":null}},"71":{"start":{"line":106,"column":8},"end":{"line":106,"column":null}},"72":{"start":{"line":107,"column":8},"end":{"line":107,"column":null}},"73":{"start":{"line":110,"column":8},"end":{"line":110,"column":null}},"74":{"start":{"line":111,"column":8},"end":{"line":111,"column":null}},"75":{"start":{"line":114,"column":4},"end":{"line":133,"column":null}},"76":{"start":{"line":117,"column":6},"end":{"line":124,"column":null}},"77":{"start":{"line":118,"column":8},"end":{"line":118,"column":null}},"78":{"start":{"line":119,"column":8},"end":{"line":119,"column":null}},"79":{"start":{"line":122,"column":8},"end":{"line":122,"column":null}},"80":{"start":{"line":123,"column":8},"end":{"line":123,"column":null}},"81":{"start":{"line":125,"column":6},"end":{"line":132,"column":null}},"82":{"start":{"line":126,"column":8},"end":{"line":126,"column":47}},"83":{"start":{"line":127,"column":8},"end":{"line":127,"column":48}},"84":{"start":{"line":130,"column":8},"end":{"line":130,"column":48}},"85":{"start":{"line":131,"column":8},"end":{"line":131,"column":47}},"86":{"start":{"line":134,"column":2},"end":{"line":134,"column":null}}},"fnMap":{"0":{"name":"(anonymous_1)","decl":{"start":{"line":7,"column":0},"end":{"line":7,"column":null}},"loc":{"start":{"line":7,"column":0},"end":{"line":134,"column":null}}},"1":{"name":"Slider","decl":{"start":{"line":19,"column":4},"end":{"line":19,"column":16}},"loc":{"start":{"line":19,"column":33},"end":{"line":30,"column":5}}},"2":{"name":"(anonymous_3)","decl":{"start":{"line":31,"column":4},"end":{"line":31,"column":8}},"loc":{"start":{"line":31,"column":4},"end":{"line":33,"column":5}}},"3":{"name":"(anonymous_4)","decl":{"start":{"line":34,"column":4},"end":{"line":34,"column":8}},"loc":{"start":{"line":34,"column":4},"end":{"line":36,"column":5}}},"4":{"name":"(anonymous_5)","decl":{"start":{"line":37,"column":4},"end":{"line":37,"column":8}},"loc":{"start":{"line":37,"column":4},"end":{"line":39,"column":5}}},"5":{"name":"(anonymous_6)","decl":{"start":{"line":40,"column":4},"end":{"line":40,"column":8}},"loc":{"start":{"line":40,"column":4},"end":{"line":42,"column":5}}},"6":{"name":"(anonymous_7)","decl":{"start":{"line":43,"column":4},"end":{"line":43,"column":8}},"loc":{"start":{"line":43,"column":4},"end":{"line":45,"column":5}}},"7":{"name":"(anonymous_8)","decl":{"start":{"line":46,"column":4},"end":{"line":46,"column":8}},"loc":{"start":{"line":46,"column":4},"end":{"line":48,"column":5}}},"8":{"name":"(anonymous_9)","decl":{"start":{"line":49,"column":4},"end":{"line":49,"column":8}},"loc":{"start":{"line":49,"column":4},"end":{"line":51,"column":5}}},"9":{"name":"(anonymous_10)","decl":{"start":{"line":52,"column":4},"end":{"line":52,"column":15}},"loc":{"start":{"line":52,"column":28},"end":{"line":56,"column":5}}},"10":{"name":"(anonymous_11)","decl":{"start":{"line":57,"column":4},"end":{"line":57,"column":17}},"loc":{"start":{"line":57,"column":48},"end":{"line":61,"column":5}}},"11":{"name":"(anonymous_12)","decl":{"start":{"line":62,"column":4},"end":{"line":62,"column":16}},"loc":{"start":{"line":62,"column":4},"end":{"line":69,"column":5}}},"12":{"name":"(anonymous_13)","decl":{"start":{"line":70,"column":4},"end":{"line":70,"column":18}},"loc":{"start":{"line":70,"column":51},"end":{"line":76,"column":5}}},"13":{"name":"(anonymous_14)","decl":{"start":{"line":77,"column":4},"end":{"line":77,"column":19}},"loc":{"start":{"line":77,"column":32},"end":{"line":83,"column":5}}},"14":{"name":"(anonymous_15)","decl":{"start":{"line":84,"column":4},"end":{"line":84,"column":18}},"loc":{"start":{"line":84,"column":36},"end":{"line":91,"column":5}}},"15":{"name":"(anonymous_16)","decl":{"start":{"line":93,"column":4},"end":{"line":93,"column":10}},"loc":{"start":{"line":93,"column":28},"end":{"line":103,"column":5}}},"16":{"name":"(anonymous_17)","decl":{"start":{"line":104,"column":4},"end":{"line":104,"column":14}},"loc":{"start":{"line":104,"column":40},"end":{"line":113,"column":5}}},"17":{"name":"(anonymous_18)","decl":{"start":{"line":114,"column":4},"end":{"line":114,"column":11}},"loc":{"start":{"line":114,"column":29},"end":{"line":133,"column":5}}}},"branchMap":{"0":{"loc":{"start":{"line":85,"column":6},"end":{"line":90,"column":null}},"type":"if","locations":[{"start":{"line":85,"column":6},"end":{"line":90,"column":null}},{"start":{"line":85,"column":6},"end":{"line":90,"column":null}}]},"1":{"loc":{"start":{"line":95,"column":43},"end":{"line":95,"column":70}},"type":"cond-expr","locations":[{"start":{"line":95,"column":43},"end":{"line":95,"column":70}},{"start":{"line":95,"column":73},"end":{"line":95,"column":75}}]},"2":{"loc":{"start":{"line":105,"column":6},"end":{"line":112,"column":null}},"type":"if","locations":[{"start":{"line":105,"column":6},"end":{"line":112,"column":null}},{"start":{"line":105,"column":6},"end":{"line":112,"column":null}}]},"3":{"loc":{"start":{"line":117,"column":6},"end":{"line":124,"column":null}},"type":"if","locations":[{"start":{"line":117,"column":6},"end":{"line":124,"column":null}},{"start":{"line":117,"column":6},"end":{"line":124,"column":null}}]},"4":{"loc":{"start":{"line":125,"column":6},"end":{"line":132,"column":null}},"type":"if","locations":[{"start":{"line":125,"column":6},"end":{"line":132,"column":null}},{"start":{"line":125,"column":6},"end":{"line":132,"column":null}}]}},"s":{"0":3,"1":3,"2":3,"3":3,"4":6,"5":6,"6":6,"7":6,"8":6,"9":6,"10":6,"11":6,"12":6,"13":6,"14":3,"15":24,"16":3,"17":5,"18":3,"19":4,"20":3,"21":42,"22":3,"23":22,"24":3,"25":4,"26":3,"27":2,"28":3,"29":6,"30":6,"31":6,"32":3,"33":30,"34":30,"35":30,"36":3,"37":6,"38":6,"39":6,"40":6,"41":6,"42":6,"43":3,"44":6,"45":6,"46":6,"47":9,"48":6,"49":3,"50":6,"51":6,"52":6,"53":9,"54":6,"55":3,"56":6,"57":2,"58":4,"59":3,"60":2,"61":2,"62":2,"63":2,"64":3,"65":3,"66":3,"67":2,"68":2,"69":3,"70":2,"71":1,"72":1,"73":1,"74":1,"75":3,"76":2,"77":1,"78":1,"79":1,"80":1,"81":2,"82":1,"83":1,"84":1,"85":1,"86":3},"f":{"0":3,"1":6,"2":24,"3":5,"4":4,"5":42,"6":22,"7":4,"8":2,"9":6,"10":30,"11":6,"12":6,"13":6,"14":6,"15":2,"16":2,"17":2},"b":{"0":[2,4],"1":[1,1],"2":[1,1],"3":[1,1],"4":[1,1]}}
,"D:\\VERSTAK\\FavouritePlugin\\src\\app\\slider\\__scale\\scale.ts": {"path":"D:\\VERSTAK\\FavouritePlugin\\src\\app\\slider\\__scale\\scale.ts","statementMap":{"0":{"start":{"line":2,"column":0},"end":{"line":2,"column":null}},"1":{"start":{"line":5,"column":8},"end":{"line":5,"column":52}},"2":{"start":{"line":6,"column":8},"end":{"line":6,"column":null}},"3":{"start":{"line":8,"column":4},"end":{"line":10,"column":null}},"4":{"start":{"line":9,"column":6},"end":{"line":9,"column":null}},"5":{"start":{"line":11,"column":4},"end":{"line":22,"column":null}},"6":{"start":{"line":12,"column":24},"end":{"line":12,"column":54}},"7":{"start":{"line":13,"column":8},"end":{"line":13,"column":null}},"8":{"start":{"line":14,"column":8},"end":{"line":14,"column":null}},"9":{"start":{"line":15,"column":8},"end":{"line":20,"column":null}},"10":{"start":{"line":16,"column":12},"end":{"line":16,"column":null}},"11":{"start":{"line":19,"column":12},"end":{"line":19,"column":null}},"12":{"start":{"line":21,"column":8},"end":{"line":21,"column":38}},"13":{"start":{"line":23,"column":4},"end":{"line":47,"column":null}},"14":{"start":{"line":24,"column":8},"end":{"line":45,"column":null}},"15":{"start":{"line":25,"column":24},"end":{"line":25,"column":45}},"16":{"start":{"line":26,"column":26},"end":{"line":26,"column":39}},"17":{"start":{"line":27,"column":12},"end":{"line":30,"column":null}},"18":{"start":{"line":27,"column":23},"end":{"line":27,"column":24}},"19":{"start":{"line":28,"column":29},"end":{"line":28,"column":44}},"20":{"start":{"line":29,"column":14},"end":{"line":29,"column":null}},"21":{"start":{"line":33,"column":24},"end":{"line":33,"column":82}},"22":{"start":{"line":34,"column":26},"end":{"line":34,"column":79}},"23":{"start":{"line":36,"column":12},"end":{"line":44,"column":null}},"24":{"start":{"line":36,"column":23},"end":{"line":36,"column":24}},"25":{"start":{"line":37,"column":24},"end":{"line":37,"column":72}},"26":{"start":{"line":38,"column":29},"end":{"line":38,"column":44}},"27":{"start":{"line":39,"column":14},"end":{"line":42,"column":null}},"28":{"start":{"line":40,"column":16},"end":{"line":40,"column":45}},"29":{"start":{"line":41,"column":16},"end":{"line":41,"column":null}},"30":{"start":{"line":43,"column":14},"end":{"line":43,"column":null}},"31":{"start":{"line":46,"column":10},"end":{"line":46,"column":null}},"32":{"start":{"line":48,"column":0},"end":{"line":48,"column":null}}},"fnMap":{"0":{"name":"(anonymous_0)","decl":{"start":{"line":2,"column":0},"end":{"line":2,"column":null}},"loc":{"start":{"line":2,"column":0},"end":{"line":48,"column":null}}},"1":{"name":"Scale","decl":{"start":{"line":4,"column":4},"end":{"line":4,"column":null}},"loc":{"start":{"line":4,"column":4},"end":{"line":7,"column":5}}},"2":{"name":"(anonymous_2)","decl":{"start":{"line":8,"column":4},"end":{"line":8,"column":8}},"loc":{"start":{"line":8,"column":4},"end":{"line":10,"column":5}}},"3":{"name":"(anonymous_3)","decl":{"start":{"line":11,"column":4},"end":{"line":11,"column":11}},"loc":{"start":{"line":11,"column":60},"end":{"line":22,"column":5}}},"4":{"name":"(anonymous_4)","decl":{"start":{"line":23,"column":4},"end":{"line":23,"column":12}},"loc":{"start":{"line":23,"column":30},"end":{"line":47,"column":5}}}},"branchMap":{"0":{"loc":{"start":{"line":15,"column":8},"end":{"line":20,"column":null}},"type":"if","locations":[{"start":{"line":15,"column":8},"end":{"line":20,"column":null}},{"start":{"line":15,"column":8},"end":{"line":20,"column":null}}]},"1":{"loc":{"start":{"line":24,"column":8},"end":{"line":45,"column":null}},"type":"if","locations":[{"start":{"line":24,"column":8},"end":{"line":45,"column":null}},{"start":{"line":24,"column":8},"end":{"line":45,"column":null}}]},"2":{"loc":{"start":{"line":39,"column":14},"end":{"line":42,"column":null}},"type":"if","locations":[{"start":{"line":39,"column":14},"end":{"line":42,"column":null}},{"start":{"line":39,"column":14},"end":{"line":42,"column":null}}]}},"s":{"0":4,"1":7,"2":7,"3":4,"4":12,"5":4,"6":48,"7":48,"8":48,"9":48,"10":32,"11":16,"12":48,"13":4,"14":10,"15":3,"16":3,"17":3,"18":3,"19":13,"20":13,"21":7,"22":7,"23":7,"24":7,"25":58,"26":58,"27":58,"28":3,"29":3,"30":58,"31":10,"32":4},"f":{"0":4,"1":7,"2":12,"3":48,"4":10},"b":{"0":[32,16],"1":[3,7],"2":[3,55]}}
,"D:\\VERSTAK\\FavouritePlugin\\src\\app\\slider\\__tagmark\\tagmark.ts": {"path":"D:\\VERSTAK\\FavouritePlugin\\src\\app\\slider\\__tagmark\\tagmark.ts","statementMap":{"0":{"start":{"line":1,"column":0},"end":{"line":1,"column":null}},"1":{"start":{"line":4,"column":8},"end":{"line":4,"column":55}},"2":{"start":{"line":5,"column":8},"end":{"line":5,"column":77}},"3":{"start":{"line":7,"column":4},"end":{"line":9,"column":null}},"4":{"start":{"line":8,"column":8},"end":{"line":8,"column":null}},"5":{"start":{"line":10,"column":0},"end":{"line":10,"column":null}}},"fnMap":{"0":{"name":"(anonymous_0)","decl":{"start":{"line":1,"column":0},"end":{"line":1,"column":null}},"loc":{"start":{"line":1,"column":0},"end":{"line":10,"column":null}}},"1":{"name":"Tagmark","decl":{"start":{"line":3,"column":4},"end":{"line":3,"column":16}},"loc":{"start":{"line":3,"column":34},"end":{"line":6,"column":5}}},"2":{"name":"(anonymous_2)","decl":{"start":{"line":7,"column":4},"end":{"line":7,"column":8}},"loc":{"start":{"line":7,"column":4},"end":{"line":9,"column":5}}}},"branchMap":{"0":{"loc":{"start":{"line":5,"column":46},"end":{"line":5,"column":57}},"type":"cond-expr","locations":[{"start":{"line":5,"column":46},"end":{"line":5,"column":57}},{"start":{"line":5,"column":60},"end":{"line":5,"column":76}}]}},"s":{"0":3,"1":9,"2":9,"3":3,"4":9,"5":3},"f":{"0":3,"1":9,"2":9},"b":{"0":[7,2]}}
,"D:\\VERSTAK\\FavouritePlugin\\src\\app\\slider\\__thumb\\thumb.ts": {"path":"D:\\VERSTAK\\FavouritePlugin\\src\\app\\slider\\__thumb\\thumb.ts","statementMap":{"0":{"start":{"line":1,"column":0},"end":{"line":1,"column":null}},"1":{"start":{"line":4,"column":8},"end":{"line":4,"column":null}},"2":{"start":{"line":5,"column":8},"end":{"line":5,"column":null}},"3":{"start":{"line":7,"column":4},"end":{"line":12,"column":null}},"4":{"start":{"line":8,"column":24},"end":{"line":8,"column":54}},"5":{"start":{"line":9,"column":8},"end":{"line":9,"column":46}},"6":{"start":{"line":10,"column":8},"end":{"line":10,"column":38}},"7":{"start":{"line":11,"column":8},"end":{"line":11,"column":27}},"8":{"start":{"line":13,"column":0},"end":{"line":13,"column":null}}},"fnMap":{"0":{"name":"(anonymous_0)","decl":{"start":{"line":1,"column":0},"end":{"line":1,"column":null}},"loc":{"start":{"line":1,"column":0},"end":{"line":13,"column":null}}},"1":{"name":"Thumb","decl":{"start":{"line":3,"column":4},"end":{"line":3,"column":null}},"loc":{"start":{"line":3,"column":4},"end":{"line":6,"column":5}}},"2":{"name":"(anonymous_2)","decl":{"start":{"line":7,"column":4},"end":{"line":7,"column":15}},"loc":{"start":{"line":7,"column":4},"end":{"line":12,"column":5}}}},"branchMap":{},"s":{"0":3,"1":9,"2":9,"3":3,"4":9,"5":9,"6":9,"7":9,"8":3},"f":{"0":3,"1":9,"2":9},"b":{}}
}
