{"D:\\VERSTAK\\FavouritePlugin\\src\\index.ts": {"path":"D:\\VERSTAK\\FavouritePlugin\\src\\index.ts","statementMap":{"0":{"start":{"line":1,"column":0},"end":{"line":1,"column":21}},"1":{"start":{"line":2,"column":0},"end":{"line":2,"column":22}},"2":{"start":{"line":5,"column":4},"end":{"line":5,"column":17}},"3":{"start":{"line":4,"column":0},"end":{"line":4,"column":16}},"4":{"start":{"line":8,"column":0},"end":{"line":21,"column":3}},"5":{"start":{"line":23,"column":0},"end":{"line":32,"column":3}}},"fnMap":{"0":{"name":"sum","decl":{"start":{"line":4,"column":16},"end":{"line":4,"column":19}},"loc":{"start":{"line":4,"column":40},"end":{"line":6,"column":1}}}},"branchMap":{},"s":{"0":1,"1":1,"2":2,"3":1,"4":1,"5":1},"f":{"0":2},"b":{}}
,"D:\\VERSTAK\\FavouritePlugin\\src\\slider\\app.ts": {"path":"D:\\VERSTAK\\FavouritePlugin\\src\\slider\\app.ts","statementMap":{"0":{"start":{"line":1,"column":0},"end":{"line":1,"column":21}},"1":{"start":{"line":2,"column":0},"end":{"line":2,"column":27}},"2":{"start":{"line":3,"column":0},"end":{"line":3,"column":28}},"3":{"start":{"line":4,"column":0},"end":{"line":4,"column":25}},"4":{"start":{"line":5,"column":0},"end":{"line":5,"column":35}},"5":{"start":{"line":7,"column":0},"end":{"line":21,"column":13}},"6":{"start":{"line":8,"column":4},"end":{"line":20,"column":6}},"7":{"start":{"line":9,"column":21},"end":{"line":11,"column":17}},"8":{"start":{"line":12,"column":6},"end":{"line":18,"column":null}},"9":{"start":{"line":13,"column":20},"end":{"line":13,"column":31}},"10":{"start":{"line":14,"column":17},"end":{"line":14,"column":27}},"11":{"start":{"line":15,"column":22},"end":{"line":15,"column":48}},"12":{"start":{"line":17,"column":6},"end":{"line":17,"column":36}}},"fnMap":{"0":{"name":"(anonymous_1)","decl":{"start":{"line":7,"column":1},"end":{"line":7,"column":11}},"loc":{"start":{"line":7,"column":12},"end":{"line":21,"column":3}}},"1":{"name":"(anonymous_2)","decl":{"start":{"line":8,"column":25},"end":{"line":8,"column":34}},"loc":{"start":{"line":8,"column":46},"end":{"line":20,"column":5}}},"2":{"name":"(anonymous_3)","decl":{"start":{"line":12,"column":23},"end":{"line":12,"column":null}},"loc":{"start":{"line":12,"column":23},"end":{"line":18,"column":7}}}},"branchMap":{},"s":{"0":1,"1":1,"2":1,"3":1,"4":1,"5":1,"6":1,"7":2,"8":2,"9":0,"10":0,"11":0,"12":0},"f":{"0":1,"1":2,"2":0},"b":{}}
,"D:\\VERSTAK\\FavouritePlugin\\src\\slider\\data.ts": {"path":"D:\\VERSTAK\\FavouritePlugin\\src\\slider\\data.ts","statementMap":{"0":{"start":{"line":1,"column":0},"end":{"line":1,"column":null}},"1":{"start":{"line":5,"column":8},"end":{"line":12,"column":null}},"2":{"start":{"line":6,"column":12},"end":{"line":7,"column":null}},"3":{"start":{"line":10,"column":12},"end":{"line":11,"column":null}},"4":{"start":{"line":14,"column":0},"end":{"line":14,"column":null}}},"fnMap":{"0":{"name":"(anonymous_0)","decl":{"start":{"line":1,"column":0},"end":{"line":1,"column":null}},"loc":{"start":{"line":1,"column":0},"end":{"line":14,"column":null}}},"1":{"name":"Data","decl":{"start":{"line":4,"column":4},"end":{"line":4,"column":16}},"loc":{"start":{"line":4,"column":39},"end":{"line":13,"column":5}}}},"branchMap":{"0":{"loc":{"start":{"line":5,"column":8},"end":{"line":12,"column":null}},"type":"if","locations":[{"start":{"line":5,"column":8},"end":{"line":12,"column":null}},{"start":{"line":5,"column":8},"end":{"line":12,"column":null}}]}},"s":{"0":2,"1":2,"2":1,"3":1,"4":2},"f":{"0":2,"1":2},"b":{"0":[1,1]}}
,"D:\\VERSTAK\\FavouritePlugin\\src\\slider\\dispatcher.ts": {"path":"D:\\VERSTAK\\FavouritePlugin\\src\\slider\\dispatcher.ts","statementMap":{"0":{"start":{"line":1,"column":0},"end":{"line":1,"column":null}},"1":{"start":{"line":3,"column":4},"end":{"line":3,"column":null}},"2":{"start":{"line":5,"column":6},"end":{"line":5,"column":28}},"3":{"start":{"line":7,"column":4},"end":{"line":9,"column":null}},"4":{"start":{"line":8,"column":6},"end":{"line":8,"column":37}},"5":{"start":{"line":10,"column":4},"end":{"line":15,"column":null}},"6":{"start":{"line":12,"column":6},"end":{"line":14,"column":null}},"7":{"start":{"line":13,"column":10},"end":{"line":13,"column":53}},"8":{"start":{"line":16,"column":2},"end":{"line":16,"column":null}}},"fnMap":{"0":{"name":"(anonymous_0)","decl":{"start":{"line":1,"column":0},"end":{"line":1,"column":null}},"loc":{"start":{"line":1,"column":0},"end":{"line":16,"column":null}}},"1":{"name":"eventDispatcher","decl":{"start":{"line":4,"column":4},"end":{"line":4,"column":16}},"loc":{"start":{"line":4,"column":27},"end":{"line":6,"column":5}}},"2":{"name":"(anonymous_2)","decl":{"start":{"line":7,"column":4},"end":{"line":7,"column":10}},"loc":{"start":{"line":7,"column":24},"end":{"line":9,"column":5}}},"3":{"name":"(anonymous_3)","decl":{"start":{"line":10,"column":4},"end":{"line":10,"column":10}},"loc":{"start":{"line":10,"column":20},"end":{"line":15,"column":5}}}},"branchMap":{},"s":{"0":3,"1":4,"2":4,"3":3,"4":0,"5":3,"6":7,"7":0,"8":3},"f":{"0":3,"1":4,"2":0,"3":7},"b":{}}
,"D:\\VERSTAK\\FavouritePlugin\\src\\slider\\model.ts": {"path":"D:\\VERSTAK\\FavouritePlugin\\src\\slider\\model.ts","statementMap":{"0":{"start":{"line":1,"column":0},"end":{"line":1,"column":42}},"1":{"start":{"line":2,"column":0},"end":{"line":2,"column":25}},"2":{"start":{"line":4,"column":0},"end":{"line":4,"column":null}},"3":{"start":{"line":10,"column":6},"end":{"line":10,"column":null}},"4":{"start":{"line":11,"column":6},"end":{"line":11,"column":null}},"5":{"start":{"line":14,"column":4},"end":{"line":21,"column":null}},"6":{"start":{"line":15,"column":6},"end":{"line":15,"column":null}},"7":{"start":{"line":16,"column":6},"end":{"line":19,"column":null}},"8":{"start":{"line":16,"column":17},"end":{"line":16,"column":18}},"9":{"start":{"line":17,"column":19},"end":{"line":17,"column":45}},"10":{"start":{"line":18,"column":8},"end":{"line":18,"column":null}},"11":{"start":{"line":20,"column":6},"end":{"line":20,"column":null}},"12":{"start":{"line":23,"column":4},"end":{"line":26,"column":null}},"13":{"start":{"line":24,"column":17},"end":{"line":24,"column":83}},"14":{"start":{"line":25,"column":6},"end":{"line":25,"column":null}},"15":{"start":{"line":27,"column":4},"end":{"line":31,"column":null}},"16":{"start":{"line":28,"column":20},"end":{"line":28,"column":39}},"17":{"start":{"line":29,"column":16},"end":{"line":29,"column":51}},"18":{"start":{"line":30,"column":6},"end":{"line":30,"column":null}},"19":{"start":{"line":32,"column":4},"end":{"line":47,"column":null}},"20":{"start":{"line":33,"column":6},"end":{"line":44,"column":null}},"21":{"start":{"line":34,"column":19},"end":{"line":34,"column":56}},"22":{"start":{"line":35,"column":18},"end":{"line":35,"column":70}},"23":{"start":{"line":36,"column":8},"end":{"line":36,"column":null}},"24":{"start":{"line":37,"column":8},"end":{"line":37,"column":38}},"25":{"start":{"line":40,"column":19},"end":{"line":40,"column":41}},"26":{"start":{"line":41,"column":18},"end":{"line":41,"column":70}},"27":{"start":{"line":42,"column":8},"end":{"line":42,"column":118}},"28":{"start":{"line":43,"column":8},"end":{"line":43,"column":38}},"29":{"start":{"line":45,"column":6},"end":{"line":45,"column":35}},"30":{"start":{"line":46,"column":6},"end":{"line":46,"column":24}},"31":{"start":{"line":49,"column":4},"end":{"line":51,"column":null}},"32":{"start":{"line":50,"column":6},"end":{"line":50,"column":null}},"33":{"start":{"line":52,"column":2},"end":{"line":52,"column":null}}},"fnMap":{"0":{"name":"(anonymous_1)","decl":{"start":{"line":4,"column":0},"end":{"line":4,"column":null}},"loc":{"start":{"line":4,"column":0},"end":{"line":52,"column":null}}},"1":{"name":"Model","decl":{"start":{"line":9,"column":4},"end":{"line":9,"column":null}},"loc":{"start":{"line":9,"column":4},"end":{"line":12,"column":5}}},"2":{"name":"(anonymous_3)","decl":{"start":{"line":14,"column":4},"end":{"line":14,"column":8}},"loc":{"start":{"line":14,"column":21},"end":{"line":21,"column":5}}},"3":{"name":"(anonymous_4)","decl":{"start":{"line":23,"column":4},"end":{"line":23,"column":19}},"loc":{"start":{"line":23,"column":4},"end":{"line":26,"column":5}}},"4":{"name":"(anonymous_5)","decl":{"start":{"line":27,"column":4},"end":{"line":27,"column":23}},"loc":{"start":{"line":27,"column":73},"end":{"line":31,"column":5}}},"5":{"name":"(anonymous_6)","decl":{"start":{"line":32,"column":4},"end":{"line":32,"column":20}},"loc":{"start":{"line":32,"column":72},"end":{"line":47,"column":5}}},"6":{"name":"(anonymous_7)","decl":{"start":{"line":49,"column":4},"end":{"line":49,"column":15}},"loc":{"start":{"line":49,"column":25},"end":{"line":51,"column":5}}}},"branchMap":{"0":{"loc":{"start":{"line":33,"column":6},"end":{"line":44,"column":null}},"type":"if","locations":[{"start":{"line":33,"column":6},"end":{"line":44,"column":null}},{"start":{"line":33,"column":6},"end":{"line":44,"column":null}}]}},"s":{"0":2,"1":2,"2":2,"3":2,"4":2,"5":2,"6":2,"7":2,"8":2,"9":2,"10":2,"11":2,"12":2,"13":4,"14":4,"15":2,"16":8,"17":8,"18":8,"19":2,"20":5,"21":2,"22":2,"23":2,"24":2,"25":3,"26":3,"27":3,"28":3,"29":5,"30":5,"31":2,"32":7,"33":2},"f":{"0":2,"1":2,"2":2,"3":4,"4":8,"5":5,"6":7},"b":{"0":[2,3]}}
,"D:\\VERSTAK\\FavouritePlugin\\src\\slider\\options.ts": {"path":"D:\\VERSTAK\\FavouritePlugin\\src\\slider\\options.ts","statementMap":{"0":{"start":{"line":1,"column":0},"end":{"line":1,"column":null}},"1":{"start":{"line":10,"column":8},"end":{"line":10,"column":null}},"2":{"start":{"line":11,"column":8},"end":{"line":11,"column":null}},"3":{"start":{"line":12,"column":8},"end":{"line":12,"column":null}},"4":{"start":{"line":13,"column":8},"end":{"line":13,"column":null}},"5":{"start":{"line":14,"column":8},"end":{"line":14,"column":null}},"6":{"start":{"line":15,"column":8},"end":{"line":15,"column":null}},"7":{"start":{"line":17,"column":4},"end":{"line":28,"column":null}},"8":{"start":{"line":18,"column":21},"end":{"line":18,"column":23}},"9":{"start":{"line":19,"column":8},"end":{"line":21,"column":null}},"10":{"start":{"line":20,"column":12},"end":{"line":20,"column":null}},"11":{"start":{"line":20,"column":61},"end":{"line":20,"column":84}},"12":{"start":{"line":22,"column":8},"end":{"line":27,"column":null}},"13":{"start":{"line":23,"column":12},"end":{"line":23,"column":null}},"14":{"start":{"line":26,"column":12},"end":{"line":26,"column":null}},"15":{"start":{"line":29,"column":0},"end":{"line":29,"column":null}},"16":{"start":{"line":30,"column":0},"end":{"line":30,"column":null}},"17":{"start":{"line":30,"column":27},"end":{"line":30,"column":34}},"18":{"start":{"line":36,"column":8},"end":{"line":36,"column":null}},"19":{"start":{"line":37,"column":8},"end":{"line":44,"column":null}},"20":{"start":{"line":38,"column":12},"end":{"line":38,"column":null}},"21":{"start":{"line":39,"column":12},"end":{"line":39,"column":null}},"22":{"start":{"line":42,"column":12},"end":{"line":42,"column":null}},"23":{"start":{"line":43,"column":12},"end":{"line":43,"column":null}},"24":{"start":{"line":45,"column":8},"end":{"line":45,"column":null}},"25":{"start":{"line":46,"column":8},"end":{"line":46,"column":null}},"26":{"start":{"line":48,"column":4},"end":{"line":55,"column":null}},"27":{"start":{"line":49,"column":8},"end":{"line":54,"column":null}},"28":{"start":{"line":50,"column":12},"end":{"line":50,"column":null}},"29":{"start":{"line":53,"column":12},"end":{"line":53,"column":null}},"30":{"start":{"line":56,"column":4},"end":{"line":61,"column":null}},"31":{"start":{"line":57,"column":8},"end":{"line":59,"column":null}},"32":{"start":{"line":58,"column":12},"end":{"line":58,"column":null}},"33":{"start":{"line":60,"column":8},"end":{"line":60,"column":null}},"34":{"start":{"line":62,"column":0},"end":{"line":62,"column":null}},"35":{"start":{"line":63,"column":0},"end":{"line":63,"column":null}},"36":{"start":{"line":63,"column":26},"end":{"line":63,"column":33}},"37":{"start":{"line":66,"column":8},"end":{"line":66,"column":null}},"38":{"start":{"line":67,"column":8},"end":{"line":67,"column":null}},"39":{"start":{"line":69,"column":0},"end":{"line":69,"column":null}}},"fnMap":{"0":{"name":"(anonymous_6)","decl":{"start":{"line":1,"column":0},"end":{"line":1,"column":null}},"loc":{"start":{"line":1,"column":0},"end":{"line":29,"column":null}}},"1":{"name":"Options","decl":{"start":{"line":9,"column":4},"end":{"line":9,"column":16}},"loc":{"start":{"line":9,"column":28},"end":{"line":16,"column":5}}},"2":{"name":"(anonymous_8)","decl":{"start":{"line":17,"column":4},"end":{"line":17,"column":10}},"loc":{"start":{"line":17,"column":4},"end":{"line":28,"column":5}}},"3":{"name":"(anonymous_9)","decl":{"start":{"line":20,"column":49},"end":{"line":20,"column":50}},"loc":{"start":{"line":20,"column":56},"end":{"line":20,"column":68}}},"4":{"name":"(anonymous_10)","decl":{"start":{"line":30,"column":0},"end":{"line":30,"column":27}},"loc":{"start":{"line":30,"column":0},"end":{"line":62,"column":null}}},"5":{"name":"NumberSlider","decl":{"start":{"line":35,"column":4},"end":{"line":35,"column":16}},"loc":{"start":{"line":35,"column":28},"end":{"line":47,"column":5}}},"6":{"name":"(anonymous_12)","decl":{"start":{"line":48,"column":4},"end":{"line":48,"column":13}},"loc":{"start":{"line":48,"column":26},"end":{"line":55,"column":5}}},"7":{"name":"(anonymous_13)","decl":{"start":{"line":56,"column":4},"end":{"line":56,"column":18}},"loc":{"start":{"line":56,"column":31},"end":{"line":61,"column":5}}},"8":{"name":"(anonymous_14)","decl":{"start":{"line":63,"column":0},"end":{"line":63,"column":26}},"loc":{"start":{"line":63,"column":0},"end":{"line":69,"column":null}}},"9":{"name":"ValueSlider","decl":{"start":{"line":65,"column":4},"end":{"line":65,"column":16}},"loc":{"start":{"line":65,"column":41},"end":{"line":68,"column":5}}}},"branchMap":{"0":{"loc":{"start":{"line":11,"column":48},"end":{"line":11,"column":49}},"type":"cond-expr","locations":[{"start":{"line":11,"column":48},"end":{"line":11,"column":49}},{"start":{"line":11,"column":52},"end":{"line":11,"column":53}}]},"1":{"loc":{"start":{"line":12,"column":60},"end":{"line":12,"column":70}},"type":"cond-expr","locations":[{"start":{"line":12,"column":60},"end":{"line":12,"column":70}},{"start":{"line":12,"column":73},"end":{"line":12,"column":77}}]},"2":{"loc":{"start":{"line":13,"column":59},"end":{"line":13,"column":73}},"type":"cond-expr","locations":[{"start":{"line":13,"column":59},"end":{"line":13,"column":73}},{"start":{"line":13,"column":76},"end":{"line":13,"column":80}}]},"3":{"loc":{"start":{"line":14,"column":57},"end":{"line":14,"column":70}},"type":"cond-expr","locations":[{"start":{"line":14,"column":57},"end":{"line":14,"column":70}},{"start":{"line":14,"column":73},"end":{"line":14,"column":77}}]},"4":{"loc":{"start":{"line":15,"column":51},"end":{"line":15,"column":56}},"type":"cond-expr","locations":[{"start":{"line":15,"column":51},"end":{"line":15,"column":56}},{"start":{"line":15,"column":59},"end":{"line":15,"column":63}}]},"5":{"loc":{"start":{"line":19,"column":8},"end":{"line":21,"column":null}},"type":"if","locations":[{"start":{"line":19,"column":8},"end":{"line":21,"column":null}},{"start":{"line":19,"column":8},"end":{"line":21,"column":null}}]},"6":{"loc":{"start":{"line":19,"column":12},"end":{"line":19,"column":32}},"type":"binary-expr","locations":[{"start":{"line":19,"column":12},"end":{"line":19,"column":32}},{"start":{"line":19,"column":36},"end":{"line":19,"column":71}}]},"7":{"loc":{"start":{"line":22,"column":8},"end":{"line":27,"column":null}},"type":"if","locations":[{"start":{"line":22,"column":8},"end":{"line":27,"column":null}},{"start":{"line":22,"column":8},"end":{"line":27,"column":null}}]},"8":{"loc":{"start":{"line":36,"column":8},"end":{"line":36,"column":22}},"type":"binary-expr","locations":[{"start":{"line":36,"column":8},"end":{"line":36,"column":22}},{"start":{"line":36,"column":22},"end":{"line":36,"column":null}}]},"9":{"loc":{"start":{"line":37,"column":8},"end":{"line":44,"column":null}},"type":"if","locations":[{"start":{"line":37,"column":8},"end":{"line":44,"column":null}},{"start":{"line":37,"column":8},"end":{"line":44,"column":null}}]},"10":{"loc":{"start":{"line":37,"column":12},"end":{"line":37,"column":45}},"type":"binary-expr","locations":[{"start":{"line":37,"column":12},"end":{"line":37,"column":45}},{"start":{"line":37,"column":49},"end":{"line":37,"column":80}},{"start":{"line":37,"column":84},"end":{"line":37,"column":111}}]},"11":{"loc":{"start":{"line":49,"column":8},"end":{"line":54,"column":null}},"type":"if","locations":[{"start":{"line":49,"column":8},"end":{"line":54,"column":null}},{"start":{"line":49,"column":8},"end":{"line":54,"column":null}}]},"12":{"loc":{"start":{"line":49,"column":12},"end":{"line":49,"column":44}},"type":"binary-expr","locations":[{"start":{"line":49,"column":12},"end":{"line":49,"column":44}},{"start":{"line":49,"column":47},"end":{"line":49,"column":63}},{"start":{"line":49,"column":67},"end":{"line":49,"column":107}}]},"13":{"loc":{"start":{"line":57,"column":8},"end":{"line":59,"column":null}},"type":"if","locations":[{"start":{"line":57,"column":8},"end":{"line":59,"column":null}},{"start":{"line":57,"column":8},"end":{"line":59,"column":null}}]},"14":{"loc":{"start":{"line":57,"column":12},"end":{"line":57,"column":49}},"type":"binary-expr","locations":[{"start":{"line":57,"column":12},"end":{"line":57,"column":49}},{"start":{"line":57,"column":53},"end":{"line":57,"column":74}},{"start":{"line":57,"column":78},"end":{"line":57,"column":121}}]},"15":{"loc":{"start":{"line":66,"column":8},"end":{"line":66,"column":22}},"type":"binary-expr","locations":[{"start":{"line":66,"column":8},"end":{"line":66,"column":22}},{"start":{"line":66,"column":22},"end":{"line":66,"column":null}}]}},"s":{"0":2,"1":8,"2":8,"3":8,"4":8,"5":8,"6":8,"7":2,"8":4,"9":4,"10":2,"11":8,"12":4,"13":2,"14":2,"15":2,"16":2,"17":2,"18":2,"19":2,"20":1,"21":1,"22":1,"23":1,"24":2,"25":2,"26":2,"27":2,"28":1,"29":1,"30":2,"31":2,"32":1,"33":1,"34":2,"35":2,"36":2,"37":2,"38":2,"39":2},"f":{"0":2,"1":8,"2":4,"3":8,"4":2,"5":2,"6":2,"7":2,"8":2,"9":2},"b":{"0":[4,4],"1":[4,4],"2":[2,6],"3":[2,6],"4":[2,6],"5":[2,2],"6":[4,2],"7":[2,2],"8":[2,2],"9":[1,1],"10":[2,2,2],"11":[1,1],"12":[2,2,2],"13":[1,1],"14":[2,2,2],"15":[2,2]}}
,"D:\\VERSTAK\\FavouritePlugin\\src\\slider\\presenter.ts": {"path":"D:\\VERSTAK\\FavouritePlugin\\src\\slider\\presenter.ts","statementMap":{"0":{"start":{"line":1,"column":0},"end":{"line":1,"column":16}},"1":{"start":{"line":2,"column":0},"end":{"line":2,"column":15}},"2":{"start":{"line":4,"column":0},"end":{"line":4,"column":31}},"3":{"start":{"line":6,"column":0},"end":{"line":6,"column":null}},"4":{"start":{"line":10,"column":6},"end":{"line":10,"column":null}},"5":{"start":{"line":11,"column":6},"end":{"line":11,"column":null}},"6":{"start":{"line":12,"column":23},"end":{"line":12,"column":27}},"7":{"start":{"line":13,"column":6},"end":{"line":15,"column":null}},"8":{"start":{"line":14,"column":8},"end":{"line":14,"column":null}},"9":{"start":{"line":16,"column":6},"end":{"line":18,"column":null}},"10":{"start":{"line":17,"column":8},"end":{"line":17,"column":null}},"11":{"start":{"line":20,"column":4},"end":{"line":24,"column":null}},"12":{"start":{"line":21,"column":19},"end":{"line":21,"column":48}},"13":{"start":{"line":22,"column":6},"end":{"line":22,"column":null}},"14":{"start":{"line":23,"column":6},"end":{"line":23,"column":null}},"15":{"start":{"line":25,"column":4},"end":{"line":27,"column":null}},"16":{"start":{"line":26,"column":6},"end":{"line":26,"column":null}},"17":{"start":{"line":28,"column":2},"end":{"line":28,"column":null}}},"fnMap":{"0":{"name":"(anonymous_1)","decl":{"start":{"line":6,"column":0},"end":{"line":6,"column":null}},"loc":{"start":{"line":6,"column":0},"end":{"line":28,"column":null}}},"1":{"name":"Presenter","decl":{"start":{"line":9,"column":4},"end":{"line":9,"column":16}},"loc":{"start":{"line":9,"column":37},"end":{"line":19,"column":5}}},"2":{"name":"(anonymous_3)","decl":{"start":{"line":13,"column":38},"end":{"line":13,"column":48}},"loc":{"start":{"line":13,"column":70},"end":{"line":15,"column":7}}},"3":{"name":"(anonymous_4)","decl":{"start":{"line":16,"column":39},"end":{"line":16,"column":48}},"loc":{"start":{"line":16,"column":70},"end":{"line":18,"column":7}}},"4":{"name":"(anonymous_5)","decl":{"start":{"line":20,"column":4},"end":{"line":20,"column":8}},"loc":{"start":{"line":20,"column":42},"end":{"line":24,"column":5}}},"5":{"name":"(anonymous_6)","decl":{"start":{"line":25,"column":4},"end":{"line":25,"column":13}},"loc":{"start":{"line":25,"column":65},"end":{"line":27,"column":5}}}},"branchMap":{},"s":{"0":1,"1":1,"2":1,"3":1,"4":0,"5":0,"6":0,"7":0,"8":0,"9":0,"10":0,"11":1,"12":0,"13":0,"14":0,"15":1,"16":0,"17":1},"f":{"0":1,"1":0,"2":0,"3":0,"4":0,"5":0},"b":{}}
,"D:\\VERSTAK\\FavouritePlugin\\src\\slider\\slider.ts": {"path":"D:\\VERSTAK\\FavouritePlugin\\src\\slider\\slider.ts","statementMap":{"0":{"start":{"line":1,"column":0},"end":{"line":1,"column":null}},"1":{"start":{"line":13,"column":6},"end":{"line":13,"column":null}},"2":{"start":{"line":14,"column":6},"end":{"line":14,"column":null}},"3":{"start":{"line":15,"column":6},"end":{"line":15,"column":45}},"4":{"start":{"line":16,"column":6},"end":{"line":16,"column":63}},"5":{"start":{"line":17,"column":6},"end":{"line":17,"column":null}},"6":{"start":{"line":18,"column":6},"end":{"line":18,"column":null}},"7":{"start":{"line":19,"column":6},"end":{"line":19,"column":63}},"8":{"start":{"line":20,"column":6},"end":{"line":20,"column":27}},"9":{"start":{"line":21,"column":6},"end":{"line":21,"column":26}},"10":{"start":{"line":23,"column":4},"end":{"line":27,"column":null}},"11":{"start":{"line":24,"column":15},"end":{"line":24,"column":46}},"12":{"start":{"line":25,"column":6},"end":{"line":25,"column":21}},"13":{"start":{"line":26,"column":6},"end":{"line":26,"column":16}},"14":{"start":{"line":28,"column":4},"end":{"line":32,"column":null}},"15":{"start":{"line":29,"column":15},"end":{"line":29,"column":42}},"16":{"start":{"line":30,"column":6},"end":{"line":30,"column":31}},"17":{"start":{"line":31,"column":6},"end":{"line":31,"column":16}},"18":{"start":{"line":33,"column":4},"end":{"line":40,"column":null}},"19":{"start":{"line":34,"column":18},"end":{"line":34,"column":60}},"20":{"start":{"line":35,"column":22},"end":{"line":35,"column":65}},"21":{"start":{"line":36,"column":6},"end":{"line":36,"column":30}},"22":{"start":{"line":37,"column":20},"end":{"line":37,"column":59}},"23":{"start":{"line":38,"column":6},"end":{"line":38,"column":35}},"24":{"start":{"line":39,"column":6},"end":{"line":39,"column":19}},"25":{"start":{"line":41,"column":4},"end":{"line":58,"column":null}},"26":{"start":{"line":42,"column":6},"end":{"line":42,"column":null}},"27":{"start":{"line":43,"column":6},"end":{"line":43,"column":null}},"28":{"start":{"line":45,"column":6},"end":{"line":47,"column":null}},"29":{"start":{"line":45,"column":17},"end":{"line":45,"column":18}},"30":{"start":{"line":46,"column":8},"end":{"line":46,"column":null}},"31":{"start":{"line":48,"column":6},"end":{"line":48,"column":41}},"32":{"start":{"line":49,"column":6},"end":{"line":49,"column":44}},"33":{"start":{"line":51,"column":6},"end":{"line":51,"column":null}},"34":{"start":{"line":52,"column":6},"end":{"line":52,"column":null}},"35":{"start":{"line":53,"column":6},"end":{"line":53,"column":null}},"36":{"start":{"line":54,"column":6},"end":{"line":54,"column":null}},"37":{"start":{"line":55,"column":6},"end":{"line":55,"column":null}},"38":{"start":{"line":57,"column":6},"end":{"line":57,"column":null}},"39":{"start":{"line":59,"column":4},"end":{"line":63,"column":null}},"40":{"start":{"line":60,"column":6},"end":{"line":62,"column":null}},"41":{"start":{"line":61,"column":8},"end":{"line":61,"column":null}},"42":{"start":{"line":64,"column":4},"end":{"line":68,"column":null}},"43":{"start":{"line":65,"column":6},"end":{"line":67,"column":null}},"44":{"start":{"line":66,"column":8},"end":{"line":66,"column":null}},"45":{"start":{"line":69,"column":4},"end":{"line":73,"column":null}},"46":{"start":{"line":70,"column":6},"end":{"line":72,"column":null}},"47":{"start":{"line":71,"column":8},"end":{"line":71,"column":null}},"48":{"start":{"line":74,"column":4},"end":{"line":85,"column":null}},"49":{"start":{"line":75,"column":22},"end":{"line":75,"column":52}},"50":{"start":{"line":76,"column":6},"end":{"line":76,"column":null}},"51":{"start":{"line":77,"column":6},"end":{"line":77,"column":null}},"52":{"start":{"line":78,"column":6},"end":{"line":83,"column":null}},"53":{"start":{"line":79,"column":8},"end":{"line":79,"column":null}},"54":{"start":{"line":82,"column":8},"end":{"line":82,"column":null}},"55":{"start":{"line":84,"column":6},"end":{"line":84,"column":36}},"56":{"start":{"line":86,"column":4},"end":{"line":106,"column":null}},"57":{"start":{"line":87,"column":6},"end":{"line":104,"column":null}},"58":{"start":{"line":88,"column":20},"end":{"line":88,"column":41}},"59":{"start":{"line":89,"column":22},"end":{"line":89,"column":35}},"60":{"start":{"line":90,"column":8},"end":{"line":93,"column":null}},"61":{"start":{"line":90,"column":19},"end":{"line":90,"column":20}},"62":{"start":{"line":91,"column":25},"end":{"line":91,"column":40}},"63":{"start":{"line":92,"column":10},"end":{"line":92,"column":null}},"64":{"start":{"line":96,"column":20},"end":{"line":96,"column":79}},"65":{"start":{"line":97,"column":22},"end":{"line":97,"column":75}},"66":{"start":{"line":99,"column":8},"end":{"line":103,"column":null}},"67":{"start":{"line":99,"column":19},"end":{"line":99,"column":20}},"68":{"start":{"line":100,"column":20},"end":{"line":100,"column":68}},"69":{"start":{"line":101,"column":25},"end":{"line":101,"column":40}},"70":{"start":{"line":102,"column":10},"end":{"line":102,"column":null}},"71":{"start":{"line":107,"column":4},"end":{"line":112,"column":null}},"72":{"start":{"line":108,"column":6},"end":{"line":111,"column":null}},"73":{"start":{"line":109,"column":8},"end":{"line":109,"column":60}},"74":{"start":{"line":110,"column":8},"end":{"line":110,"column":61}},"75":{"start":{"line":113,"column":2},"end":{"line":113,"column":null}}},"fnMap":{"0":{"name":"(anonymous_0)","decl":{"start":{"line":1,"column":0},"end":{"line":1,"column":null}},"loc":{"start":{"line":1,"column":0},"end":{"line":113,"column":null}}},"1":{"name":"Slider","decl":{"start":{"line":12,"column":4},"end":{"line":12,"column":null}},"loc":{"start":{"line":12,"column":4},"end":{"line":22,"column":5}}},"2":{"name":"(anonymous_2)","decl":{"start":{"line":23,"column":4},"end":{"line":23,"column":15}},"loc":{"start":{"line":23,"column":28},"end":{"line":27,"column":5}}},"3":{"name":"(anonymous_3)","decl":{"start":{"line":28,"column":4},"end":{"line":28,"column":17}},"loc":{"start":{"line":28,"column":48},"end":{"line":32,"column":5}}},"4":{"name":"(anonymous_4)","decl":{"start":{"line":33,"column":4},"end":{"line":33,"column":18}},"loc":{"start":{"line":33,"column":4},"end":{"line":40,"column":5}}},"5":{"name":"(anonymous_5)","decl":{"start":{"line":41,"column":4},"end":{"line":41,"column":16}},"loc":{"start":{"line":41,"column":29},"end":{"line":58,"column":5}}},"6":{"name":"(anonymous_6)","decl":{"start":{"line":59,"column":4},"end":{"line":59,"column":21}},"loc":{"start":{"line":59,"column":38},"end":{"line":63,"column":5}}},"7":{"name":"(anonymous_7)","decl":{"start":{"line":64,"column":4},"end":{"line":64,"column":15}},"loc":{"start":{"line":64,"column":28},"end":{"line":68,"column":5}}},"8":{"name":"(anonymous_8)","decl":{"start":{"line":69,"column":4},"end":{"line":69,"column":18}},"loc":{"start":{"line":69,"column":36},"end":{"line":73,"column":5}}},"9":{"name":"(anonymous_9)","decl":{"start":{"line":74,"column":4},"end":{"line":74,"column":11}},"loc":{"start":{"line":74,"column":60},"end":{"line":85,"column":5}}},"10":{"name":"(anonymous_10)","decl":{"start":{"line":86,"column":4},"end":{"line":86,"column":12}},"loc":{"start":{"line":86,"column":25},"end":{"line":106,"column":5}}},"11":{"name":"(anonymous_11)","decl":{"start":{"line":107,"column":4},"end":{"line":107,"column":12}},"loc":{"start":{"line":107,"column":24},"end":{"line":112,"column":5}}}},"branchMap":{"0":{"loc":{"start":{"line":60,"column":6},"end":{"line":62,"column":null}},"type":"if","locations":[{"start":{"line":60,"column":6},"end":{"line":62,"column":null}},{"start":{"line":60,"column":6},"end":{"line":62,"column":null}}]},"1":{"loc":{"start":{"line":65,"column":6},"end":{"line":67,"column":null}},"type":"if","locations":[{"start":{"line":65,"column":6},"end":{"line":67,"column":null}},{"start":{"line":65,"column":6},"end":{"line":67,"column":null}}]},"2":{"loc":{"start":{"line":70,"column":6},"end":{"line":72,"column":null}},"type":"if","locations":[{"start":{"line":70,"column":6},"end":{"line":72,"column":null}},{"start":{"line":70,"column":6},"end":{"line":72,"column":null}}]},"3":{"loc":{"start":{"line":78,"column":6},"end":{"line":83,"column":null}},"type":"if","locations":[{"start":{"line":78,"column":6},"end":{"line":83,"column":null}},{"start":{"line":78,"column":6},"end":{"line":83,"column":null}}]},"4":{"loc":{"start":{"line":87,"column":6},"end":{"line":104,"column":null}},"type":"if","locations":[{"start":{"line":87,"column":6},"end":{"line":104,"column":null}},{"start":{"line":87,"column":6},"end":{"line":104,"column":null}}]},"5":{"loc":{"start":{"line":108,"column":6},"end":{"line":111,"column":null}},"type":"if","locations":[{"start":{"line":108,"column":6},"end":{"line":111,"column":null}},{"start":{"line":108,"column":6},"end":{"line":111,"column":null}}]}},"s":{"0":3,"1":4,"2":4,"3":4,"4":4,"5":4,"6":4,"7":4,"8":4,"9":4,"10":3,"11":4,"12":4,"13":4,"14":3,"15":42,"16":42,"17":42,"18":3,"19":6,"20":6,"21":6,"22":6,"23":6,"24":6,"25":3,"26":4,"27":4,"28":4,"29":4,"30":6,"31":4,"32":4,"33":4,"34":4,"35":4,"36":4,"37":4,"38":4,"39":3,"40":4,"41":4,"42":3,"43":4,"44":1,"45":3,"46":4,"47":2,"48":3,"49":21,"50":21,"51":21,"52":21,"53":8,"54":13,"55":21,"56":3,"57":4,"58":2,"59":2,"60":2,"61":2,"62":8,"63":8,"64":2,"65":2,"66":2,"67":2,"68":9,"69":9,"70":9,"71":3,"72":4,"73":2,"74":2,"75":3},"f":{"0":3,"1":4,"2":4,"3":42,"4":6,"5":4,"6":4,"7":4,"8":4,"9":21,"10":4,"11":4},"b":{"0":[4,0],"1":[1,3],"2":[2,2],"3":[8,13],"4":[2,2],"5":[2,2]}}
,"D:\\VERSTAK\\FavouritePlugin\\src\\slider\\view.ts": {"path":"D:\\VERSTAK\\FavouritePlugin\\src\\slider\\view.ts","statementMap":{"0":{"start":{"line":1,"column":0},"end":{"line":1,"column":29}},"1":{"start":{"line":2,"column":0},"end":{"line":2,"column":42}},"2":{"start":{"line":4,"column":0},"end":{"line":4,"column":null}},"3":{"start":{"line":9,"column":6},"end":{"line":9,"column":null}},"4":{"start":{"line":10,"column":6},"end":{"line":10,"column":null}},"5":{"start":{"line":11,"column":20},"end":{"line":11,"column":24}},"6":{"start":{"line":13,"column":6},"end":{"line":16,"column":null}},"7":{"start":{"line":14,"column":8},"end":{"line":14,"column":null}},"8":{"start":{"line":15,"column":8},"end":{"line":15,"column":null}},"9":{"start":{"line":18,"column":6},"end":{"line":33,"column":null}},"10":{"start":{"line":19,"column":24},"end":{"line":19,"column":54}},"11":{"start":{"line":20,"column":8},"end":{"line":23,"column":null}},"12":{"start":{"line":21,"column":10},"end":{"line":21,"column":null}},"13":{"start":{"line":22,"column":10},"end":{"line":22,"column":null}},"14":{"start":{"line":25,"column":10},"end":{"line":25,"column":null}},"15":{"start":{"line":26,"column":10},"end":{"line":26,"column":null}},"16":{"start":{"line":27,"column":10},"end":{"line":27,"column":null}},"17":{"start":{"line":30,"column":10},"end":{"line":30,"column":null}},"18":{"start":{"line":31,"column":10},"end":{"line":31,"column":null}},"19":{"start":{"line":35,"column":6},"end":{"line":37,"column":null}},"20":{"start":{"line":36,"column":8},"end":{"line":36,"column":null}},"21":{"start":{"line":39,"column":4},"end":{"line":41,"column":null}},"22":{"start":{"line":40,"column":6},"end":{"line":40,"column":null}},"23":{"start":{"line":42,"column":4},"end":{"line":46,"column":null}},"24":{"start":{"line":43,"column":6},"end":{"line":43,"column":null}},"25":{"start":{"line":44,"column":6},"end":{"line":44,"column":null}},"26":{"start":{"line":45,"column":6},"end":{"line":45,"column":null}},"27":{"start":{"line":48,"column":4},"end":{"line":63,"column":null}},"28":{"start":{"line":52,"column":6},"end":{"line":59,"column":null}},"29":{"start":{"line":53,"column":8},"end":{"line":53,"column":null}},"30":{"start":{"line":54,"column":8},"end":{"line":54,"column":null}},"31":{"start":{"line":57,"column":8},"end":{"line":57,"column":null}},"32":{"start":{"line":58,"column":8},"end":{"line":58,"column":null}},"33":{"start":{"line":61,"column":18},"end":{"line":61,"column":38}},"34":{"start":{"line":62,"column":6},"end":{"line":62,"column":44}},"35":{"start":{"line":64,"column":4},"end":{"line":81,"column":null}},"36":{"start":{"line":64,"column":4},"end":{"line":64,"column":17}},"37":{"start":{"line":65,"column":18},"end":{"line":65,"column":19}},"38":{"start":{"line":66,"column":6},"end":{"line":79,"column":null}},"39":{"start":{"line":67,"column":18},"end":{"line":67,"column":20}},"40":{"start":{"line":68,"column":8},"end":{"line":77,"column":null}},"41":{"start":{"line":70,"column":10},"end":{"line":75,"column":null}},"42":{"start":{"line":71,"column":12},"end":{"line":71,"column":89}},"43":{"start":{"line":74,"column":12},"end":{"line":74,"column":90}},"44":{"start":{"line":76,"column":10},"end":{"line":76,"column":null}},"45":{"start":{"line":78,"column":8},"end":{"line":78,"column":null}},"46":{"start":{"line":80,"column":6},"end":{"line":80,"column":null}},"47":{"start":{"line":82,"column":4},"end":{"line":84,"column":null}},"48":{"start":{"line":83,"column":6},"end":{"line":83,"column":92}},"49":{"start":{"line":86,"column":4},"end":{"line":96,"column":null}},"50":{"start":{"line":87,"column":16},"end":{"line":87,"column":18}},"51":{"start":{"line":88,"column":19},"end":{"line":88,"column":73}},"52":{"start":{"line":89,"column":6},"end":{"line":93,"column":null}},"53":{"start":{"line":89,"column":17},"end":{"line":89,"column":18}},"54":{"start":{"line":90,"column":8},"end":{"line":90,"column":null}},"55":{"start":{"line":91,"column":8},"end":{"line":91,"column":32}},"56":{"start":{"line":92,"column":8},"end":{"line":92,"column":33}},"57":{"start":{"line":94,"column":6},"end":{"line":94,"column":25}},"58":{"start":{"line":95,"column":6},"end":{"line":95,"column":null}},"59":{"start":{"line":98,"column":4},"end":{"line":107,"column":null}},"60":{"start":{"line":99,"column":6},"end":{"line":106,"column":null}},"61":{"start":{"line":100,"column":8},"end":{"line":100,"column":null}},"62":{"start":{"line":101,"column":8},"end":{"line":101,"column":null}},"63":{"start":{"line":104,"column":8},"end":{"line":104,"column":null}},"64":{"start":{"line":105,"column":8},"end":{"line":105,"column":null}},"65":{"start":{"line":108,"column":4},"end":{"line":127,"column":null}},"66":{"start":{"line":111,"column":6},"end":{"line":118,"column":null}},"67":{"start":{"line":112,"column":8},"end":{"line":112,"column":null}},"68":{"start":{"line":113,"column":8},"end":{"line":113,"column":null}},"69":{"start":{"line":116,"column":8},"end":{"line":116,"column":null}},"70":{"start":{"line":117,"column":8},"end":{"line":117,"column":null}},"71":{"start":{"line":119,"column":6},"end":{"line":126,"column":null}},"72":{"start":{"line":120,"column":8},"end":{"line":120,"column":55}},"73":{"start":{"line":121,"column":8},"end":{"line":121,"column":56}},"74":{"start":{"line":124,"column":8},"end":{"line":124,"column":56}},"75":{"start":{"line":125,"column":8},"end":{"line":125,"column":55}},"76":{"start":{"line":128,"column":0},"end":{"line":128,"column":null}}},"fnMap":{"0":{"name":"(anonymous_1)","decl":{"start":{"line":4,"column":0},"end":{"line":4,"column":null}},"loc":{"start":{"line":4,"column":0},"end":{"line":128,"column":null}}},"1":{"name":"View","decl":{"start":{"line":8,"column":4},"end":{"line":8,"column":null}},"loc":{"start":{"line":8,"column":4},"end":{"line":38,"column":5}}},"2":{"name":"(anonymous_3)","decl":{"start":{"line":13,"column":52},"end":{"line":13,"column":null}},"loc":{"start":{"line":13,"column":52},"end":{"line":16,"column":7}}},"3":{"name":"(anonymous_4)","decl":{"start":{"line":18,"column":56},"end":{"line":18,"column":65}},"loc":{"start":{"line":18,"column":71},"end":{"line":33,"column":7}}},"4":{"name":"startSelect","decl":{"start":{"line":24,"column":17},"end":{"line":24,"column":28}},"loc":{"start":{"line":24,"column":28},"end":{"line":28,"column":9}}},"5":{"name":"endSelect","decl":{"start":{"line":29,"column":17},"end":{"line":29,"column":26}},"loc":{"start":{"line":29,"column":26},"end":{"line":32,"column":9}}},"6":{"name":"(anonymous_7)","decl":{"start":{"line":35,"column":56},"end":{"line":35,"column":null}},"loc":{"start":{"line":35,"column":56},"end":{"line":37,"column":7}}},"7":{"name":"(anonymous_8)","decl":{"start":{"line":39,"column":4},"end":{"line":39,"column":8}},"loc":{"start":{"line":39,"column":4},"end":{"line":41,"column":5}}},"8":{"name":"(anonymous_9)","decl":{"start":{"line":42,"column":4},"end":{"line":42,"column":16}},"loc":{"start":{"line":42,"column":48},"end":{"line":46,"column":5}}},"9":{"name":"(anonymous_10)","decl":{"start":{"line":48,"column":4},"end":{"line":48,"column":12}},"loc":{"start":{"line":48,"column":4},"end":{"line":63,"column":5}}},"10":{"name":"(anonymous_11)","decl":{"start":{"line":64,"column":4},"end":{"line":64,"column":17}},"loc":{"start":{"line":64,"column":4},"end":{"line":81,"column":5}}},"11":{"name":"(anonymous_12)","decl":{"start":{"line":68,"column":40},"end":{"line":68,"column":41}},"loc":{"start":{"line":68,"column":47},"end":{"line":77,"column":9}}},"12":{"name":"(anonymous_13)","decl":{"start":{"line":82,"column":4},"end":{"line":82,"column":15}},"loc":{"start":{"line":82,"column":67},"end":{"line":84,"column":5}}},"13":{"name":"(anonymous_14)","decl":{"start":{"line":86,"column":4},"end":{"line":86,"column":10}},"loc":{"start":{"line":86,"column":20},"end":{"line":96,"column":5}}},"14":{"name":"(anonymous_15)","decl":{"start":{"line":98,"column":4},"end":{"line":98,"column":14}},"loc":{"start":{"line":98,"column":39},"end":{"line":107,"column":5}}},"15":{"name":"(anonymous_16)","decl":{"start":{"line":108,"column":4},"end":{"line":108,"column":11}},"loc":{"start":{"line":108,"column":21},"end":{"line":127,"column":5}}}},"branchMap":{"0":{"loc":{"start":{"line":20,"column":8},"end":{"line":23,"column":null}},"type":"if","locations":[{"start":{"line":20,"column":8},"end":{"line":23,"column":null}},{"start":{"line":20,"column":8},"end":{"line":23,"column":null}}]},"1":{"loc":{"start":{"line":52,"column":6},"end":{"line":59,"column":null}},"type":"if","locations":[{"start":{"line":52,"column":6},"end":{"line":59,"column":null}},{"start":{"line":52,"column":6},"end":{"line":59,"column":null}}]},"2":{"loc":{"start":{"line":66,"column":6},"end":{"line":79,"column":null}},"type":"if","locations":[{"start":{"line":66,"column":6},"end":{"line":79,"column":null}},{"start":{"line":66,"column":6},"end":{"line":79,"column":null}}]},"3":{"loc":{"start":{"line":70,"column":10},"end":{"line":75,"column":null}},"type":"if","locations":[{"start":{"line":70,"column":10},"end":{"line":75,"column":null}},{"start":{"line":70,"column":10},"end":{"line":75,"column":null}}]},"4":{"loc":{"start":{"line":88,"column":42},"end":{"line":88,"column":68}},"type":"cond-expr","locations":[{"start":{"line":88,"column":42},"end":{"line":88,"column":68}},{"start":{"line":88,"column":71},"end":{"line":88,"column":73}}]},"5":{"loc":{"start":{"line":99,"column":6},"end":{"line":106,"column":null}},"type":"if","locations":[{"start":{"line":99,"column":6},"end":{"line":106,"column":null}},{"start":{"line":99,"column":6},"end":{"line":106,"column":null}}]},"6":{"loc":{"start":{"line":111,"column":6},"end":{"line":118,"column":null}},"type":"if","locations":[{"start":{"line":111,"column":6},"end":{"line":118,"column":null}},{"start":{"line":111,"column":6},"end":{"line":118,"column":null}}]},"7":{"loc":{"start":{"line":119,"column":6},"end":{"line":126,"column":null}},"type":"if","locations":[{"start":{"line":119,"column":6},"end":{"line":126,"column":null}},{"start":{"line":119,"column":6},"end":{"line":126,"column":null}}]}},"s":{"0":2,"1":2,"2":2,"3":2,"4":2,"5":2,"6":2,"7":0,"8":0,"9":2,"10":0,"11":0,"12":0,"13":0,"14":0,"15":0,"16":0,"17":0,"18":0,"19":2,"20":0,"21":2,"22":7,"23":2,"24":2,"25":2,"26":2,"27":2,"28":0,"29":0,"30":0,"31":0,"32":0,"33":0,"34":0,"35":2,"36":0,"37":0,"38":0,"39":0,"40":0,"41":0,"42":0,"43":0,"44":0,"45":0,"46":0,"47":2,"48":0,"49":2,"50":1,"51":1,"52":1,"53":1,"54":1,"55":1,"56":1,"57":1,"58":1,"59":2,"60":3,"61":1,"62":1,"63":2,"64":2,"65":2,"66":3,"67":1,"68":1,"69":2,"70":2,"71":3,"72":1,"73":1,"74":2,"75":2,"76":2},"f":{"0":2,"1":2,"2":0,"3":0,"4":0,"5":0,"6":0,"7":7,"8":2,"9":0,"10":0,"11":0,"12":0,"13":1,"14":3,"15":3},"b":{"0":[0,0],"1":[0,0],"2":[0,0],"3":[0,0],"4":[0,1],"5":[1,2],"6":[1,2],"7":[1,2]}}
}
