TN:
SF:src\index.ts
FN:4,sum
FNF:1
FNH:1
FNDA:2,sum
DA:1,1
DA:2,1
DA:4,1
DA:5,2
DA:8,1
DA:23,1
LF:6
LH:6
BRF:0
BRH:0
end_of_record
TN:
SF:src\slider\app.ts
FN:7,(anonymous_1)
FN:8,(anonymous_2)
FN:12,(anonymous_3)
FNF:3
FNH:2
FNDA:1,(anonymous_1)
FNDA:2,(anonymous_2)
FNDA:0,(anonymous_3)
DA:1,1
DA:2,1
DA:3,1
DA:4,1
DA:5,1
DA:7,1
DA:8,1
DA:9,2
DA:12,2
DA:13,0
DA:14,0
DA:15,0
DA:17,0
LF:13
LH:9
BRF:0
BRH:0
end_of_record
TN:
SF:src\slider\data.ts
FN:1,(anonymous_0)
FN:4,Data
FNF:2
FNH:2
FNDA:2,(anonymous_0)
FNDA:2,Data
DA:1,2
DA:5,2
DA:6,1
DA:10,1
DA:14,2
LF:5
LH:5
BRDA:5,0,0,1
BRDA:5,0,1,1
BRF:2
BRH:2
end_of_record
TN:
SF:src\slider\dispatcher.ts
FN:1,(anonymous_0)
FN:4,eventDispatcher
FN:7,(anonymous_2)
FN:10,(anonymous_3)
FNF:4
FNH:3
FNDA:3,(anonymous_0)
FNDA:4,eventDispatcher
FNDA:0,(anonymous_2)
FNDA:7,(anonymous_3)
DA:1,3
DA:3,4
DA:5,4
DA:7,3
DA:8,0
DA:10,3
DA:12,7
DA:13,0
DA:16,3
LF:9
LH:7
BRF:0
BRH:0
end_of_record
TN:
SF:src\slider\model.ts
FN:4,(anonymous_1)
FN:9,Model
FN:14,(anonymous_3)
FN:23,(anonymous_4)
FN:27,(anonymous_5)
FN:32,(anonymous_6)
FN:49,(anonymous_7)
FNF:7
FNH:7
FNDA:2,(anonymous_1)
FNDA:2,Model
FNDA:2,(anonymous_3)
FNDA:4,(anonymous_4)
FNDA:8,(anonymous_5)
FNDA:5,(anonymous_6)
FNDA:7,(anonymous_7)
DA:1,2
DA:2,2
DA:4,2
DA:10,2
DA:11,2
DA:14,2
DA:15,2
DA:16,2
DA:17,2
DA:18,2
DA:20,2
DA:23,2
DA:24,4
DA:25,4
DA:27,2
DA:28,8
DA:29,8
DA:30,8
DA:32,2
DA:33,5
DA:34,2
DA:35,2
DA:36,2
DA:37,2
DA:40,3
DA:41,3
DA:42,3
DA:43,3
DA:45,5
DA:46,5
DA:49,2
DA:50,7
DA:52,2
LF:33
LH:33
BRDA:33,0,0,2
BRDA:33,0,1,3
BRF:2
BRH:2
end_of_record
TN:
SF:src\slider\options.ts
FN:1,(anonymous_6)
FN:9,Options
FN:17,(anonymous_8)
FN:20,(anonymous_9)
FN:30,(anonymous_10)
FN:35,NumberSlider
FN:48,(anonymous_12)
FN:56,(anonymous_13)
FN:63,(anonymous_14)
FN:65,ValueSlider
FNF:10
FNH:10
FNDA:2,(anonymous_6)
FNDA:8,Options
FNDA:4,(anonymous_8)
FNDA:8,(anonymous_9)
FNDA:2,(anonymous_10)
FNDA:2,NumberSlider
FNDA:2,(anonymous_12)
FNDA:2,(anonymous_13)
FNDA:2,(anonymous_14)
FNDA:2,ValueSlider
DA:1,2
DA:10,8
DA:11,8
DA:12,8
DA:13,8
DA:14,8
DA:15,8
DA:17,2
DA:18,4
DA:19,4
DA:20,8
DA:22,4
DA:23,2
DA:26,2
DA:29,2
DA:30,2
DA:36,2
DA:37,2
DA:38,1
DA:39,1
DA:42,1
DA:43,1
DA:45,2
DA:46,2
DA:48,2
DA:49,2
DA:50,1
DA:53,1
DA:56,2
DA:57,2
DA:58,1
DA:60,1
DA:62,2
DA:63,2
DA:66,2
DA:67,2
DA:69,2
LF:37
LH:37
BRDA:11,0,0,4
BRDA:11,0,1,4
BRDA:12,1,0,4
BRDA:12,1,1,4
BRDA:13,2,0,2
BRDA:13,2,1,6
BRDA:14,3,0,2
BRDA:14,3,1,6
BRDA:15,4,0,2
BRDA:15,4,1,6
BRDA:19,5,0,2
BRDA:19,5,1,2
BRDA:19,6,0,4
BRDA:19,6,1,2
BRDA:22,7,0,2
BRDA:22,7,1,2
BRDA:36,8,0,2
BRDA:36,8,1,2
BRDA:37,9,0,1
BRDA:37,9,1,1
BRDA:37,10,0,2
BRDA:37,10,1,2
BRDA:37,10,2,2
BRDA:49,11,0,1
BRDA:49,11,1,1
BRDA:49,12,0,2
BRDA:49,12,1,2
BRDA:49,12,2,2
BRDA:57,13,0,1
BRDA:57,13,1,1
BRDA:57,14,0,2
BRDA:57,14,1,2
BRDA:57,14,2,2
BRDA:66,15,0,2
BRDA:66,15,1,2
BRF:35
BRH:35
end_of_record
TN:
SF:src\slider\presenter.ts
FN:6,(anonymous_1)
FN:9,Presenter
FN:13,(anonymous_3)
FN:16,(anonymous_4)
FN:20,(anonymous_5)
FN:25,(anonymous_6)
FNF:6
FNH:1
FNDA:1,(anonymous_1)
FNDA:0,Presenter
FNDA:0,(anonymous_3)
FNDA:0,(anonymous_4)
FNDA:0,(anonymous_5)
FNDA:0,(anonymous_6)
DA:1,1
DA:2,1
DA:4,1
DA:6,1
DA:10,0
DA:11,0
DA:12,0
DA:13,0
DA:14,0
DA:16,0
DA:17,0
DA:20,1
DA:21,0
DA:22,0
DA:23,0
DA:25,1
DA:26,0
DA:28,1
LF:18
LH:7
BRF:0
BRH:0
end_of_record
TN:
SF:src\slider\slider.ts
FN:1,(anonymous_0)
FN:12,Slider
FN:23,(anonymous_2)
FN:28,(anonymous_3)
FN:33,(anonymous_4)
FN:41,(anonymous_5)
FN:59,(anonymous_6)
FN:64,(anonymous_7)
FN:69,(anonymous_8)
FN:74,(anonymous_9)
FN:86,(anonymous_10)
FN:107,(anonymous_11)
FNF:12
FNH:12
FNDA:3,(anonymous_0)
FNDA:4,Slider
FNDA:4,(anonymous_2)
FNDA:42,(anonymous_3)
FNDA:6,(anonymous_4)
FNDA:4,(anonymous_5)
FNDA:4,(anonymous_6)
FNDA:4,(anonymous_7)
FNDA:4,(anonymous_8)
FNDA:21,(anonymous_9)
FNDA:4,(anonymous_10)
FNDA:4,(anonymous_11)
DA:1,3
DA:13,4
DA:14,4
DA:15,4
DA:16,4
DA:17,4
DA:18,4
DA:19,4
DA:20,4
DA:21,4
DA:23,3
DA:24,4
DA:25,4
DA:26,4
DA:28,3
DA:29,42
DA:30,42
DA:31,42
DA:33,3
DA:34,6
DA:35,6
DA:36,6
DA:37,6
DA:38,6
DA:39,6
DA:41,3
DA:42,4
DA:43,4
DA:45,4
DA:46,6
DA:48,4
DA:49,4
DA:51,4
DA:52,4
DA:53,4
DA:54,4
DA:55,4
DA:57,4
DA:59,3
DA:60,4
DA:61,4
DA:64,3
DA:65,4
DA:66,1
DA:69,3
DA:70,4
DA:71,2
DA:74,3
DA:75,21
DA:76,21
DA:77,21
DA:78,21
DA:79,8
DA:82,13
DA:84,21
DA:86,3
DA:87,4
DA:88,2
DA:89,2
DA:90,2
DA:91,8
DA:92,8
DA:96,2
DA:97,2
DA:99,2
DA:100,9
DA:101,9
DA:102,9
DA:107,3
DA:108,4
DA:109,2
DA:110,2
DA:113,3
LF:73
LH:73
BRDA:60,0,0,4
BRDA:60,0,1,0
BRDA:65,1,0,1
BRDA:65,1,1,3
BRDA:70,2,0,2
BRDA:70,2,1,2
BRDA:78,3,0,8
BRDA:78,3,1,13
BRDA:87,4,0,2
BRDA:87,4,1,2
BRDA:108,5,0,2
BRDA:108,5,1,2
BRF:12
BRH:11
end_of_record
TN:
SF:src\slider\view.ts
FN:4,(anonymous_1)
FN:8,View
FN:13,(anonymous_3)
FN:18,(anonymous_4)
FN:24,startSelect
FN:29,endSelect
FN:35,(anonymous_7)
FN:39,(anonymous_8)
FN:42,(anonymous_9)
FN:48,(anonymous_10)
FN:64,(anonymous_11)
FN:68,(anonymous_12)
FN:82,(anonymous_13)
FN:86,(anonymous_14)
FN:98,(anonymous_15)
FN:108,(anonymous_16)
FNF:16
FNH:7
FNDA:2,(anonymous_1)
FNDA:2,View
FNDA:0,(anonymous_3)
FNDA:0,(anonymous_4)
FNDA:0,startSelect
FNDA:0,endSelect
FNDA:0,(anonymous_7)
FNDA:7,(anonymous_8)
FNDA:2,(anonymous_9)
FNDA:0,(anonymous_10)
FNDA:0,(anonymous_11)
FNDA:0,(anonymous_12)
FNDA:0,(anonymous_13)
FNDA:1,(anonymous_14)
FNDA:3,(anonymous_15)
FNDA:3,(anonymous_16)
DA:1,2
DA:2,2
DA:4,2
DA:9,2
DA:10,2
DA:11,2
DA:13,2
DA:14,0
DA:15,0
DA:18,2
DA:19,0
DA:20,0
DA:21,0
DA:22,0
DA:25,0
DA:26,0
DA:27,0
DA:30,0
DA:31,0
DA:35,2
DA:36,0
DA:39,2
DA:40,7
DA:42,2
DA:43,2
DA:44,2
DA:45,2
DA:48,2
DA:52,0
DA:53,0
DA:54,0
DA:57,0
DA:58,0
DA:61,0
DA:62,0
DA:64,2
DA:65,0
DA:66,0
DA:67,0
DA:68,0
DA:70,0
DA:71,0
DA:74,0
DA:76,0
DA:78,0
DA:80,0
DA:82,2
DA:83,0
DA:86,2
DA:87,1
DA:88,1
DA:89,1
DA:90,1
DA:91,1
DA:92,1
DA:94,1
DA:95,1
DA:98,2
DA:99,3
DA:100,1
DA:101,1
DA:104,2
DA:105,2
DA:108,2
DA:111,3
DA:112,1
DA:113,1
DA:116,2
DA:117,2
DA:119,3
DA:120,1
DA:121,1
DA:124,2
DA:125,2
DA:128,2
LF:75
LH:45
BRDA:20,0,0,0
BRDA:20,0,1,0
BRDA:52,1,0,0
BRDA:52,1,1,0
BRDA:66,2,0,0
BRDA:66,2,1,0
BRDA:70,3,0,0
BRDA:70,3,1,0
BRDA:88,4,0,0
BRDA:88,4,1,1
BRDA:99,5,0,1
BRDA:99,5,1,2
BRDA:111,6,0,1
BRDA:111,6,1,2
BRDA:119,7,0,1
BRDA:119,7,1,2
BRF:16
BRH:7
end_of_record
