TN:
SF:src\app\data.ts
FN:3,(anonymous_0)
FN:6,Data
FN:17,(anonymous_2)
FN:20,(anonymous_3)
FN:23,(anonymous_4)
FN:31,(anonymous_5)
FNF:6
FNH:6
FNDA:4,(anonymous_0)
FNDA:12,Data
FNDA:9,(anonymous_2)
FNDA:10,(anonymous_3)
FNDA:6,(anonymous_4)
FNDA:13,(anonymous_5)
DA:3,4
DA:7,12
DA:8,6
DA:12,6
DA:13,6
DA:17,4
DA:18,9
DA:20,4
DA:21,10
DA:23,4
DA:24,6
DA:25,5
DA:28,1
DA:31,4
DA:32,13
DA:33,13
DA:35,4
LF:17
LH:17
BRDA:7,0,0,6
BRDA:7,0,1,6
BRDA:24,1,0,5
BRDA:24,1,1,1
BRF:4
BRH:4
end_of_record
TN:
SF:src\app\dispatcher.ts
FN:1,(anonymous_0)
FN:4,EventDispatcher
FN:7,(anonymous_2)
FN:10,(anonymous_3)
FNF:4
FNH:4
FNDA:3,(anonymous_0)
FNDA:7,EventDispatcher
FNDA:2,(anonymous_2)
FNDA:11,(anonymous_3)
DA:1,3
DA:3,7
DA:5,7
DA:7,3
DA:8,2
DA:10,3
DA:12,11
DA:13,2
DA:16,3
LF:9
LH:9
BRF:0
BRH:0
end_of_record
TN:
SF:src\app\model.ts
FN:5,(anonymous_1)
FN:10,Model
FN:16,(anonymous_3)
FN:20,(anonymous_4)
FN:23,(anonymous_5)
FN:31,(anonymous_6)
FN:35,(anonymous_7)
FN:46,(anonymous_8)
FN:62,(anonymous_9)
FNF:9
FNH:9
FNDA:2,(anonymous_1)
FNDA:3,Model
FNDA:2,(anonymous_3)
FNDA:1,(anonymous_4)
FNDA:3,(anonymous_5)
FNDA:4,(anonymous_6)
FNDA:8,(anonymous_7)
FNDA:5,(anonymous_8)
FNDA:5,(anonymous_9)
DA:1,2
DA:2,2
DA:5,2
DA:11,3
DA:12,3
DA:13,3
DA:16,2
DA:17,2
DA:20,2
DA:21,1
DA:23,2
DA:24,3
DA:25,3
DA:26,3
DA:27,3
DA:29,3
DA:31,2
DA:32,4
DA:33,4
DA:35,2
DA:36,8
DA:38,8
DA:39,1
DA:42,7
DA:44,8
DA:46,2
DA:47,5
DA:48,2
DA:49,2
DA:50,2
DA:53,3
DA:54,3
DA:55,3
DA:56,3
DA:58,5
DA:59,5
DA:62,2
DA:63,5
DA:65,2
LF:39
LH:39
BRDA:38,0,0,1
BRDA:38,0,1,7
BRDA:47,1,0,2
BRDA:47,1,1,3
BRF:4
BRH:4
end_of_record
TN:
SF:src\app\options.ts
FN:16,(anonymous_6)
FN:23,Options
FN:30,(anonymous_8)
FN:33,(anonymous_9)
FN:36,(anonymous_10)
FN:39,(anonymous_11)
FN:42,(anonymous_12)
FN:45,(anonymous_13)
FN:56,(anonymous_14)
FN:58,CreateOptions
FN:61,(anonymous_16)
FN:64,(anonymous_17)
FN:74,(anonymous_18)
FN:80,NumberSliderOptions
FN:93,(anonymous_20)
FN:96,(anonymous_21)
FN:99,(anonymous_22)
FN:102,(anonymous_23)
FN:105,(anonymous_24)
FN:108,(anonymous_25)
FN:119,(anonymous_26)
FN:125,(anonymous_27)
FN:129,(anonymous_28)
FN:131,ValueSliderOptions
FN:135,(anonymous_30)
FNF:25
FNH:25
FNDA:1,(anonymous_6)
FNDA:5,Options
FNDA:5,(anonymous_8)
FNDA:5,(anonymous_9)
FNDA:5,(anonymous_10)
FNDA:5,(anonymous_11)
FNDA:5,(anonymous_12)
FNDA:2,(anonymous_13)
FNDA:1,(anonymous_14)
FNDA:5,CreateOptions
FNDA:5,(anonymous_16)
FNDA:8,(anonymous_17)
FNDA:1,(anonymous_18)
FNDA:3,NumberSliderOptions
FNDA:6,(anonymous_20)
FNDA:6,(anonymous_21)
FNDA:3,(anonymous_22)
FNDA:3,(anonymous_23)
FNDA:3,(anonymous_24)
FNDA:3,(anonymous_25)
FNDA:3,(anonymous_26)
FNDA:3,(anonymous_27)
FNDA:1,(anonymous_28)
FNDA:2,ValueSliderOptions
FNDA:2,(anonymous_30)
DA:16,1
DA:24,5
DA:25,5
DA:26,5
DA:27,5
DA:28,5
DA:30,1
DA:31,5
DA:33,1
DA:34,5
DA:36,1
DA:37,5
DA:39,1
DA:40,5
DA:42,1
DA:43,5
DA:45,1
DA:46,2
DA:47,2
DA:48,2
DA:49,1
DA:52,1
DA:55,1
DA:56,1
DA:59,5
DA:61,1
DA:62,5
DA:63,5
DA:64,8
DA:66,5
DA:67,2
DA:70,3
DA:73,1
DA:74,1
DA:81,3
DA:82,3
DA:83,2
DA:84,2
DA:87,1
DA:88,1
DA:90,3
DA:91,3
DA:93,1
DA:94,6
DA:96,1
DA:97,6
DA:99,1
DA:100,3
DA:102,1
DA:103,3
DA:105,1
DA:106,3
DA:108,1
DA:109,3
DA:110,1
DA:112,2
DA:113,1
DA:116,1
DA:119,1
DA:120,3
DA:121,1
DA:123,2
DA:125,1
DA:126,3
DA:128,1
DA:129,1
DA:132,2
DA:133,2
DA:135,1
DA:136,2
DA:138,1
DA:141,1
DA:142,1
LF:73
LH:73
BRDA:24,0,0,2
BRDA:24,0,1,3
BRDA:25,1,0,2
BRDA:25,1,1,3
BRDA:26,2,0,1
BRDA:26,2,1,4
BRDA:27,3,0,2
BRDA:27,3,1,3
BRDA:28,4,0,1
BRDA:28,4,1,4
BRDA:48,5,0,1
BRDA:48,5,1,1
BRDA:63,6,0,2
BRDA:63,6,1,3
BRDA:63,7,0,5
BRDA:63,7,1,2
BRDA:66,8,0,2
BRDA:66,8,1,3
BRDA:81,9,0,3
BRDA:81,9,1,3
BRDA:82,10,0,2
BRDA:82,10,1,1
BRDA:106,11,0,3
BRDA:106,11,1,3
BRDA:106,11,2,3
BRDA:109,12,0,1
BRDA:109,12,1,2
BRDA:109,13,0,3
BRDA:109,13,1,2
BRDA:112,14,0,1
BRDA:112,14,1,1
BRDA:120,15,0,1
BRDA:120,15,1,2
BRDA:126,16,0,3
BRDA:126,16,1,3
BRDA:126,16,2,3
BRDA:132,17,0,2
BRDA:132,17,1,2
BRF:38
BRH:38
end_of_record
TN:
SF:src\app\presenter.ts
FN:5,(anonymous_0)
FN:8,Presenter
FN:12,(anonymous_2)
FN:15,(anonymous_3)
FN:19,(anonymous_4)
FNF:5
FNH:5
FNDA:1,(anonymous_0)
FNDA:1,Presenter
FNDA:1,(anonymous_2)
FNDA:1,(anonymous_3)
FNDA:1,(anonymous_4)
DA:5,1
DA:9,1
DA:10,1
DA:11,1
DA:12,1
DA:13,1
DA:15,1
DA:16,1
DA:19,1
DA:20,1
DA:22,1
LF:11
LH:11
BRF:0
BRH:0
end_of_record
TN:
SF:src\app\view.ts
FN:5,(anonymous_1)
FN:11,View
FN:17,(anonymous_3)
FN:25,(anonymous_4)
FN:28,(anonymous_5)
FN:31,(anonymous_6)
FN:34,(anonymous_7)
FN:38,(anonymous_8)
FN:46,(anonymous_9)
FN:50,(anonymous_10)
FN:54,(anonymous_11)
FN:77,(anonymous_12)
FN:85,(anonymous_13)
FN:108,(anonymous_14)
FNF:14
FNH:13
FNDA:2,(anonymous_1)
FNDA:4,View
FNDA:4,(anonymous_3)
FNDA:0,(anonymous_4)
FNDA:6,(anonymous_5)
FNDA:27,(anonymous_6)
FNDA:3,(anonymous_7)
FNDA:1,(anonymous_8)
FNDA:2,(anonymous_9)
FNDA:2,(anonymous_10)
FNDA:10,(anonymous_11)
FNDA:12,(anonymous_12)
FNDA:13,(anonymous_13)
FNDA:6,(anonymous_14)
DA:1,2
DA:3,2
DA:5,2
DA:12,4
DA:13,4
DA:14,4
DA:15,4
DA:17,2
DA:18,4
DA:19,4
DA:21,4
DA:23,4
DA:25,2
DA:26,0
DA:28,2
DA:29,6
DA:31,2
DA:32,27
DA:34,2
DA:35,3
DA:36,3
DA:38,2
DA:39,1
DA:40,1
DA:41,1
DA:44,4
DA:45,4
DA:46,2
DA:47,2
DA:48,2
DA:50,2
DA:51,2
DA:52,2
DA:54,2
DA:57,10
DA:58,10
DA:59,3
DA:60,3
DA:63,7
DA:64,7
DA:66,10
DA:67,1
DA:69,10
DA:70,2
DA:73,10
DA:75,10
DA:77,2
DA:78,12
DA:79,7
DA:82,5
DA:85,2
DA:86,13
DA:87,13
DA:88,8
DA:89,8
DA:90,8
DA:91,8
DA:92,1
DA:94,8
DA:95,2
DA:96,2
DA:98,8
DA:99,4
DA:100,4
DA:102,8
DA:103,3
DA:106,13
DA:108,2
DA:109,6
DA:111,2
LF:70
LH:69
BRDA:39,0,0,1
BRDA:39,0,1,0
BRDA:58,1,0,3
BRDA:58,1,1,7
BRDA:66,2,0,1
BRDA:66,2,1,9
BRDA:69,3,0,2
BRDA:69,3,1,8
BRDA:78,4,0,7
BRDA:78,4,1,5
BRDA:87,5,0,8
BRDA:87,5,1,5
BRDA:88,6,0,4
BRDA:88,6,1,4
BRDA:89,7,0,4
BRDA:89,7,1,4
BRDA:91,8,0,1
BRDA:91,8,1,7
BRDA:94,9,0,2
BRDA:94,9,1,6
BRDA:98,10,0,4
BRDA:98,10,1,4
BRDA:102,11,0,3
BRDA:102,11,1,5
BRDA:102,12,0,8
BRDA:102,12,1,4
BRF:26
BRH:25
end_of_record
TN:
SF:src\app\slider\slider.ts
FN:7,(anonymous_1)
FN:19,Slider
FN:31,(anonymous_3)
FN:34,(anonymous_4)
FN:37,(anonymous_5)
FN:40,(anonymous_6)
FN:43,(anonymous_7)
FN:46,(anonymous_8)
FN:49,(anonymous_9)
FN:52,(anonymous_10)
FN:57,(anonymous_11)
FN:62,(anonymous_12)
FN:70,(anonymous_13)
FN:77,(anonymous_14)
FN:84,(anonymous_15)
FN:93,(anonymous_16)
FN:104,(anonymous_17)
FN:114,(anonymous_18)
FNF:18
FNH:18
FNDA:3,(anonymous_1)
FNDA:6,Slider
FNDA:24,(anonymous_3)
FNDA:5,(anonymous_4)
FNDA:4,(anonymous_5)
FNDA:42,(anonymous_6)
FNDA:22,(anonymous_7)
FNDA:4,(anonymous_8)
FNDA:2,(anonymous_9)
FNDA:6,(anonymous_10)
FNDA:30,(anonymous_11)
FNDA:6,(anonymous_12)
FNDA:6,(anonymous_13)
FNDA:6,(anonymous_14)
FNDA:6,(anonymous_15)
FNDA:2,(anonymous_16)
FNDA:2,(anonymous_17)
FNDA:2,(anonymous_18)
DA:1,3
DA:2,3
DA:3,3
DA:7,3
DA:20,6
DA:21,6
DA:22,6
DA:23,6
DA:24,6
DA:25,6
DA:26,6
DA:27,6
DA:28,6
DA:29,6
DA:31,3
DA:32,24
DA:34,3
DA:35,5
DA:37,3
DA:38,4
DA:40,3
DA:41,42
DA:43,3
DA:44,22
DA:46,3
DA:47,4
DA:49,3
DA:50,2
DA:52,3
DA:53,6
DA:54,6
DA:55,6
DA:57,3
DA:58,30
DA:59,30
DA:60,30
DA:62,3
DA:63,6
DA:64,6
DA:65,6
DA:66,6
DA:67,6
DA:68,6
DA:70,3
DA:71,6
DA:72,6
DA:73,9
DA:75,6
DA:77,3
DA:78,6
DA:79,6
DA:80,9
DA:82,6
DA:84,3
DA:85,6
DA:86,2
DA:89,4
DA:93,3
DA:94,2
DA:95,2
DA:96,2
DA:97,3
DA:98,3
DA:99,3
DA:101,2
DA:102,2
DA:104,3
DA:105,2
DA:106,1
DA:107,1
DA:110,1
DA:111,1
DA:114,3
DA:117,2
DA:118,1
DA:119,1
DA:122,1
DA:123,1
DA:125,2
DA:126,1
DA:127,1
DA:130,1
DA:131,1
DA:134,3
LF:84
LH:84
BRDA:85,0,0,2
BRDA:85,0,1,4
BRDA:95,1,0,1
BRDA:95,1,1,1
BRDA:105,2,0,1
BRDA:105,2,1,1
BRDA:117,3,0,1
BRDA:117,3,1,1
BRDA:125,4,0,1
BRDA:125,4,1,1
BRF:10
BRH:10
end_of_record
TN:
SF:src\app\slider\__scale\scale.ts
FN:2,(anonymous_0)
FN:4,Scale
FN:8,(anonymous_2)
FN:11,(anonymous_3)
FN:23,(anonymous_4)
FNF:5
FNH:5
FNDA:4,(anonymous_0)
FNDA:7,Scale
FNDA:12,(anonymous_2)
FNDA:48,(anonymous_3)
FNDA:10,(anonymous_4)
DA:2,4
DA:5,7
DA:6,7
DA:8,4
DA:9,12
DA:11,4
DA:12,48
DA:13,48
DA:14,48
DA:15,48
DA:16,32
DA:19,16
DA:21,48
DA:23,4
DA:24,10
DA:25,3
DA:26,3
DA:27,3
DA:28,13
DA:29,13
DA:33,7
DA:34,7
DA:36,7
DA:37,58
DA:38,58
DA:39,58
DA:40,3
DA:41,3
DA:43,58
DA:46,10
DA:48,4
LF:31
LH:31
BRDA:15,0,0,32
BRDA:15,0,1,16
BRDA:24,1,0,3
BRDA:24,1,1,7
BRDA:39,2,0,3
BRDA:39,2,1,55
BRF:6
BRH:6
end_of_record
TN:
SF:src\app\slider\__tagmark\tagmark.ts
FN:1,(anonymous_0)
FN:3,Tagmark
FN:7,(anonymous_2)
FNF:3
FNH:3
FNDA:3,(anonymous_0)
FNDA:9,Tagmark
FNDA:9,(anonymous_2)
DA:1,3
DA:4,9
DA:5,9
DA:7,3
DA:8,9
DA:10,3
LF:6
LH:6
BRDA:5,0,0,7
BRDA:5,0,1,2
BRF:2
BRH:2
end_of_record
TN:
SF:src\app\slider\__thumb\thumb.ts
FN:1,(anonymous_0)
FN:3,Thumb
FN:7,(anonymous_2)
FNF:3
FNH:3
FNDA:3,(anonymous_0)
FNDA:9,Thumb
FNDA:9,(anonymous_2)
DA:1,3
DA:4,9
DA:5,9
DA:7,3
DA:8,9
DA:9,9
DA:10,9
DA:11,9
DA:13,3
LF:9
LH:9
BRF:0
BRH:0
end_of_record
